[02/04/26 10:58:02] [ERROR] mysql_tquery: callback error: parameter count does not match format specifier length (C:\Users\SPARTAN PC\Documents\GTA FULL\Server\gamemodes\main.pwn:182 -> C:\Users\SPARTAN PC\Documents\GTA FULL\Server\gamemodes\main.pwn:111 -> C:\Users\SPARTAN PC\Documents\GTA FULL\Server\dependencies\.resources\sscanf-019253\sscanf2.inc:1065)
[02/04/26 11:00:52] [ERROR] mysql_tquery: callback error: parameter count does not match format specifier length (C:\Users\SPARTAN PC\Documents\GTA FULL\Server\gamemodes\main.pwn:182 -> C:\Users\SPARTAN PC\Documents\GTA FULL\Server\gamemodes\main.pwn:111 -> C:\Users\SPARTAN PC\Documents\GTA FULL\Server\dependencies\.resources\sscanf-019253\sscanf2.inc:1065)
[02/04/26 11:02:42] [ERROR] mysql_tquery: callback error: parameter count does not match format specifier length (C:\Users\SPARTAN PC\Documents\GTA FULL\Server\gamemodes\main.pwn:182 -> C:\Users\SPARTAN PC\Documents\GTA FULL\Server\gamemodes\main.pwn:111 -> C:\Users\SPARTAN PC\Documents\GTA FULL\Server\dependencies\.resources\sscanf-019253\sscanf2.inc:1065)
[02/04/26 11:04:43] [ERROR] mysql_tquery: callback error: parameter count does not match format specifier length (C:\Users\SPARTAN PC\Documents\GTA FULL\Server\gamemodes\main.pwn:182 -> C:\Users\SPARTAN PC\Documents\GTA FULL\Server\gamemodes\main.pwn:111 -> C:\Users\SPARTAN PC\Documents\GTA FULL\Server\dependencies\.resources\sscanf-019253\sscanf2.inc:1065)
[02/04/26 11:04:47] [ERROR] mysql_tquery: callback error: parameter count does not match format specifier length (C:\Users\SPARTAN PC\Documents\GTA FULL\Server\gamemodes\main.pwn:182 -> C:\Users\SPARTAN PC\Documents\GTA FULL\Server\gamemodes\main.pwn:111 -> C:\Users\SPARTAN PC\Documents\GTA FULL\Server\dependencies\.resources\sscanf-019253\sscanf2.inc:1065)
[02/04/26 11:10:17] [ERROR] mysql_tquery: callback error: parameter count does not match format specifier length (C:\Users\SPARTAN PC\Documents\GTA FULL\Server\gamemodes\main.pwn:182 -> C:\Users\SPARTAN PC\Documents\GTA FULL\Server\gamemodes\main.pwn:111 -> C:\Users\SPARTAN PC\Documents\GTA FULL\Server\dependencies\.resources\sscanf-019253\sscanf2.inc:1065)
[02/04/26 11:11:05] [ERROR] mysql_tquery: callback error: parameter count does not match format specifier length (C:\Users\SPARTAN PC\Documents\GTA FULL\Server\gamemodes\main.pwn:182 -> C:\Users\SPARTAN PC\Documents\GTA FULL\Server\gamemodes\main.pwn:111 -> C:\Users\SPARTAN PC\Documents\GTA FULL\Server\dependencies\.resources\sscanf-019253\sscanf2.inc:1065)
[02/04/26 11:12:07] [ERROR] mysql_tquery: callback error: parameter count does not match format specifier length (C:\Users\SPARTAN PC\Documents\GTA FULL\Server\gamemodes\main.pwn:182 -> C:\Users\SPARTAN PC\Documents\GTA FULL\Server\gamemodes\main.pwn:111 -> C:\Users\SPARTAN PC\Documents\GTA FULL\Server\dependencies\.resources\sscanf-019253\sscanf2.inc:1065)
[02/04/26 11:13:10] [ERROR] mysql_tquery: callback error: parameter count does not match format specifier length (C:\Users\SPARTAN PC\Documents\GTA FULL\Server\gamemodes\main.pwn:182 -> C:\Users\SPARTAN PC\Documents\GTA FULL\Server\gamemodes\main.pwn:111 -> C:\Users\SPARTAN PC\Documents\GTA FULL\Server\dependencies\.resources\sscanf-019253\sscanf2.inc:1065)
[02/04/26 11:17:32] [ERROR] mysql_tquery: callback error: parameter count does not match format specifier length (C:\Users\SPARTAN PC\Documents\GTA FULL\Server\gamemodes\main.pwn:183 -> C:\Users\SPARTAN PC\Documents\GTA FULL\Server\gamemodes\main.pwn:112 -> C:\Users\SPARTAN PC\Documents\GTA FULL\Server\dependencies\.resources\sscanf-019253\sscanf2.inc:1065)
[02/04/26 11:17:44] [ERROR] mysql_tquery: callback error: parameter count does not match format specifier length (C:\Users\SPARTAN PC\Documents\GTA FULL\Server\gamemodes\main.pwn:183 -> C:\Users\SPARTAN PC\Documents\GTA FULL\Server\gamemodes\main.pwn:112 -> C:\Users\SPARTAN PC\Documents\GTA FULL\Server\dependencies\.resources\sscanf-019253\sscanf2.inc:1065)
[02/04/26 11:17:44] [ERROR] cache_get_row_count: no active cache (C:\Users\SPARTAN PC\Documents\GTA FULL\Server\dependencies\.resources\SA-MP-MySQL-74cb22\a_mysql.inc:182 -> C:\Users\SPARTAN PC\Documents\GTA FULL\Server\gamemodes\main.pwn:184 -> C:\Users\SPARTAN PC\Documents\GTA FULL\Server\gamemodes\main.pwn:112 -> C:\Users\SPARTAN PC\Documents\GTA FULL\Server\dependencies\.resources\sscanf-019253\sscanf2.inc:1065)
[02/04/26 11:18:12] [ERROR] mysql_tquery: callback error: parameter count does not match format specifier length (C:\Users\SPARTAN PC\Documents\GTA FULL\Server\gamemodes\main.pwn:183 -> C:\Users\SPARTAN PC\Documents\GTA FULL\Server\gamemodes\main.pwn:112 -> C:\Users\SPARTAN PC\Documents\GTA FULL\Server\dependencies\.resources\sscanf-019253\sscanf2.inc:1065)
[02/04/26 11:18:12] [ERROR] cache_get_row_count: no active cache (C:\Users\SPARTAN PC\Documents\GTA FULL\Server\dependencies\.resources\SA-MP-MySQL-74cb22\a_mysql.inc:182 -> C:\Users\SPARTAN PC\Documents\GTA FULL\Server\gamemodes\main.pwn:185 -> C:\Users\SPARTAN PC\Documents\GTA FULL\Server\gamemodes\main.pwn:112 -> C:\Users\SPARTAN PC\Documents\GTA FULL\Server\dependencies\.resources\sscanf-019253\sscanf2.inc:1065)
[02/04/26 11:18:30] [ERROR] mysql_tquery: callback error: parameter count does not match format specifier length (C:\Users\SPARTAN PC\Documents\GTA FULL\Server\gamemodes\main.pwn:183 -> C:\Users\SPARTAN PC\Documents\GTA FULL\Server\gamemodes\main.pwn:112 -> C:\Users\SPARTAN PC\Documents\GTA FULL\Server\dependencies\.resources\sscanf-019253\sscanf2.inc:1065)
[02/04/26 11:18:30] [ERROR] cache_get_row_count: no active cache (C:\Users\SPARTAN PC\Documents\GTA FULL\Server\dependencies\.resources\SA-MP-MySQL-74cb22\a_mysql.inc:182 -> C:\Users\SPARTAN PC\Documents\GTA FULL\Server\gamemodes\main.pwn:184 -> C:\Users\SPARTAN PC\Documents\GTA FULL\Server\gamemodes\main.pwn:112 -> C:\Users\SPARTAN PC\Documents\GTA FULL\Server\dependencies\.resources\sscanf-019253\sscanf2.inc:1065)
[02/04/26 11:18:30] [ERROR] cache_get_row_count: no active cache (C:\Users\SPARTAN PC\Documents\GTA FULL\Server\dependencies\.resources\SA-MP-MySQL-74cb22\a_mysql.inc:182 -> C:\Users\SPARTAN PC\Documents\GTA FULL\Server\gamemodes\main.pwn:185 -> C:\Users\SPARTAN PC\Documents\GTA FULL\Server\gamemodes\main.pwn:112 -> C:\Users\SPARTAN PC\Documents\GTA FULL\Server\dependencies\.resources\sscanf-019253\sscanf2.inc:1065)
[02/04/26 11:18:48] [ERROR] mysql_tquery: callback error: parameter count does not match format specifier length (C:\Users\SPARTAN PC\Documents\GTA FULL\Server\gamemodes\main.pwn:183 -> C:\Users\SPARTAN PC\Documents\GTA FULL\Server\gamemodes\main.pwn:112 -> C:\Users\SPARTAN PC\Documents\GTA FULL\Server\dependencies\.resources\sscanf-019253\sscanf2.inc:1065)
[02/04/26 11:18:48] [ERROR] cache_get_row_count: no active cache (C:\Users\SPARTAN PC\Documents\GTA FULL\Server\dependencies\.resources\SA-MP-MySQL-74cb22\a_mysql.inc:182 -> C:\Users\SPARTAN PC\Documents\GTA FULL\Server\gamemodes\main.pwn:184 -> C:\Users\SPARTAN PC\Documents\GTA FULL\Server\gamemodes\main.pwn:112 -> C:\Users\SPARTAN PC\Documents\GTA FULL\Server\dependencies\.resources\sscanf-019253\sscanf2.inc:1065)
[02/04/26 11:18:48] [ERROR] cache_get_row_count: no active cache (C:\Users\SPARTAN PC\Documents\GTA FULL\Server\dependencies\.resources\SA-MP-MySQL-74cb22\a_mysql.inc:182 -> C:\Users\SPARTAN PC\Documents\GTA FULL\Server\gamemodes\main.pwn:185 -> C:\Users\SPARTAN PC\Documents\GTA FULL\Server\gamemodes\main.pwn:112 -> C:\Users\SPARTAN PC\Documents\GTA FULL\Server\dependencies\.resources\sscanf-019253\sscanf2.inc:1065)
[02/04/26 11:18:57] [ERROR] mysql_tquery: callback error: parameter count does not match format specifier length (C:\Users\SPARTAN PC\Documents\GTA FULL\Server\gamemodes\main.pwn:183 -> C:\Users\SPARTAN PC\Documents\GTA FULL\Server\gamemodes\main.pwn:112 -> C:\Users\SPARTAN PC\Documents\GTA FULL\Server\dependencies\.resources\sscanf-019253\sscanf2.inc:1065)
[02/04/26 11:18:57] [ERROR] cache_get_row_count: no active cache (C:\Users\SPARTAN PC\Documents\GTA FULL\Server\dependencies\.resources\SA-MP-MySQL-74cb22\a_mysql.inc:182 -> C:\Users\SPARTAN PC\Documents\GTA FULL\Server\gamemodes\main.pwn:184 -> C:\Users\SPARTAN PC\Documents\GTA FULL\Server\gamemodes\main.pwn:112 -> C:\Users\SPARTAN PC\Documents\GTA FULL\Server\dependencies\.resources\sscanf-019253\sscanf2.inc:1065)
[02/04/26 11:18:57] [ERROR] cache_get_row_count: no active cache (C:\Users\SPARTAN PC\Documents\GTA FULL\Server\dependencies\.resources\SA-MP-MySQL-74cb22\a_mysql.inc:182 -> C:\Users\SPARTAN PC\Documents\GTA FULL\Server\gamemodes\main.pwn:185 -> C:\Users\SPARTAN PC\Documents\GTA FULL\Server\gamemodes\main.pwn:112 -> C:\Users\SPARTAN PC\Documents\GTA FULL\Server\dependencies\.resources\sscanf-019253\sscanf2.inc:1065)
[02/04/26 11:19:05] [ERROR] mysql_tquery: callback error: parameter count does not match format specifier length (C:\Users\SPARTAN PC\Documents\GTA FULL\Server\gamemodes\main.pwn:183 -> C:\Users\SPARTAN PC\Documents\GTA FULL\Server\gamemodes\main.pwn:112 -> C:\Users\SPARTAN PC\Documents\GTA FULL\Server\dependencies\.resources\sscanf-019253\sscanf2.inc:1065)
[02/04/26 11:19:05] [ERROR] cache_get_row_count: no active cache (C:\Users\SPARTAN PC\Documents\GTA FULL\Server\dependencies\.resources\SA-MP-MySQL-74cb22\a_mysql.inc:182 -> C:\Users\SPARTAN PC\Documents\GTA FULL\Server\gamemodes\main.pwn:184 -> C:\Users\SPARTAN PC\Documents\GTA FULL\Server\gamemodes\main.pwn:112 -> C:\Users\SPARTAN PC\Documents\GTA FULL\Server\dependencies\.resources\sscanf-019253\sscanf2.inc:1065)
[02/04/26 11:19:05] [ERROR] cache_get_row_count: no active cache (C:\Users\SPARTAN PC\Documents\GTA FULL\Server\dependencies\.resources\SA-MP-MySQL-74cb22\a_mysql.inc:182 -> C:\Users\SPARTAN PC\Documents\GTA FULL\Server\gamemodes\main.pwn:185 -> C:\Users\SPARTAN PC\Documents\GTA FULL\Server\gamemodes\main.pwn:112 -> C:\Users\SPARTAN PC\Documents\GTA FULL\Server\dependencies\.resources\sscanf-019253\sscanf2.inc:1065)
[02/04/26 11:19:31] [ERROR] cache_get_row_count: no active cache (C:\Users\SPARTAN PC\Documents\GTA FULL\Server\dependencies\.resources\SA-MP-MySQL-74cb22\a_mysql.inc:182 -> C:\Users\SPARTAN PC\Documents\GTA FULL\Server\gamemodes\main.pwn:184 -> C:\Users\SPARTAN PC\Documents\GTA FULL\Server\gamemodes\main.pwn:112 -> C:\Users\SPARTAN PC\Documents\GTA FULL\Server\dependencies\.resources\sscanf-019253\sscanf2.inc:1065)
[02/04/26 11:19:31] [ERROR] cache_get_row_count: no active cache (C:\Users\SPARTAN PC\Documents\GTA FULL\Server\dependencies\.resources\SA-MP-MySQL-74cb22\a_mysql.inc:182 -> C:\Users\SPARTAN PC\Documents\GTA FULL\Server\gamemodes\main.pwn:185 -> C:\Users\SPARTAN PC\Documents\GTA FULL\Server\gamemodes\main.pwn:112 -> C:\Users\SPARTAN PC\Documents\GTA FULL\Server\dependencies\.resources\sscanf-019253\sscanf2.inc:1065)
[02/04/26 11:20:12] [ERROR] mysql_tquery: callback error: parameter count does not match format specifier length (C:\Users\SPARTAN PC\Documents\GTA FULL\Server\gamemodes\main.pwn:183 -> C:\Users\SPARTAN PC\Documents\GTA FULL\Server\gamemodes\main.pwn:112 -> C:\Users\SPARTAN PC\Documents\GTA FULL\Server\dependencies\.resources\sscanf-019253\sscanf2.inc:1065)
[02/04/26 11:21:50] [ERROR] mysql_tquery: callback error: parameter count does not match format specifier length (C:\Users\SPARTAN PC\Documents\GTA FULL\Server\gamemodes\main.pwn:183 -> C:\Users\SPARTAN PC\Documents\GTA FULL\Server\gamemodes\main.pwn:112 -> C:\Users\SPARTAN PC\Documents\GTA FULL\Server\dependencies\.resources\sscanf-019253\sscanf2.inc:1065)
[02/04/26 11:31:01] [ERROR] mysql_tquery: callback error: parameter count does not match format specifier length (C:\Users\SPARTAN PC\Documents\GTA FULL\Server\gamemodes\main.pwn:112 -> C:\Users\SPARTAN PC\Documents\GTA FULL\Server\dependencies\.resources\sscanf-019253\sscanf2.inc:1065)
[02/04/26 17:05:26] [ERROR] mysql_tquery: callback error: parameter count does not match format specifier length (C:\Users\SPARTAN PC\Documents\GTA FULL\Server\gamemodes\main.pwn:183 -> C:\Users\SPARTAN PC\Documents\GTA FULL\Server\gamemodes\main.pwn:112 -> C:\Users\SPARTAN PC\Documents\GTA FULL\Server\dependencies\.resources\sscanf-019253\sscanf2.inc:1065)
[02/04/26 17:06:54] [ERROR] mysql_tquery: callback error: parameter count does not match format specifier length (C:\Users\SPARTAN PC\Documents\GTA FULL\Server\gamemodes\main.pwn:183 -> C:\Users\SPARTAN PC\Documents\GTA FULL\Server\gamemodes\main.pwn:112 -> C:\Users\SPARTAN PC\Documents\GTA FULL\Server\dependencies\.resources\sscanf-019253\sscanf2.inc:1065)
[02/04/26 17:07:20] [ERROR] mysql_tquery: callback error: parameter count does not match format specifier length (C:\Users\SPARTAN PC\Documents\GTA FULL\Server\gamemodes\main.pwn:183)
[02/04/26 17:10:13] [ERROR] mysql_tquery: callback error: parameter count does not match format specifier length (C:\Users\SPARTAN PC\Documents\GTA FULL\Server\gamemodes\main.pwn:183)
[02/04/26 17:11:39] [ERROR] mysql_tquery: callback error: parameter count does not match format specifier length (C:\Users\SPARTAN PC\Documents\GTA FULL\Server\gamemodes\main.pwn:183)
[02/04/26 17:13:46] [ERROR] cache_get_value_name_int: value 'NULL' is not a number (C:\Users\SPARTAN PC\Documents\GTA FULL\Server\gamemodes\main.pwn:199)
[02/04/26 17:13:46] [ERROR] cache_get_value_name_int: value 'NULL' is not a number (C:\Users\SPARTAN PC\Documents\GTA FULL\Server\gamemodes\main.pwn:199)
[02/04/26 17:13:46] [ERROR] cache_get_value_name_int: value 'NULL' is not a number (C:\Users\SPARTAN PC\Documents\GTA FULL\Server\gamemodes\main.pwn:199)
[02/04/26 17:13:46] [ERROR] cache_get_value_name_int: value 'NULL' is not a number (C:\Users\SPARTAN PC\Documents\GTA FULL\Server\gamemodes\main.pwn:199)
[02/04/26 17:13:46] [ERROR] cache_get_value_name_int: value 'NULL' is not a number (C:\Users\SPARTAN PC\Documents\GTA FULL\Server\gamemodes\main.pwn:199)
[02/04/26 17:13:46] [ERROR] cache_get_value_name_int: value 'NULL' is not a number (C:\Users\SPARTAN PC\Documents\GTA FULL\Server\gamemodes\main.pwn:199)
[02/04/26 17:13:46] [ERROR] cache_get_value_name_int: value 'NULL' is not a number (C:\Users\SPARTAN PC\Documents\GTA FULL\Server\gamemodes\main.pwn:199)
[02/04/26 17:14:17] [ERROR] cache_get_value_name_int: value 'NULL' is not a number (C:\Users\SPARTAN PC\Documents\GTA FULL\Server\gamemodes\main.pwn:197)
[02/04/26 17:14:17] [ERROR] cache_get_value_name_int: value 'NULL' is not a number (C:\Users\SPARTAN PC\Documents\GTA FULL\Server\gamemodes\main.pwn:197)
[02/04/26 17:14:17] [ERROR] cache_get_value_name_int: value 'NULL' is not a number (C:\Users\SPARTAN PC\Documents\GTA FULL\Server\gamemodes\main.pwn:197)
[02/04/26 17:14:17] [ERROR] cache_get_value_name_int: value 'NULL' is not a number (C:\Users\SPARTAN PC\Documents\GTA FULL\Server\gamemodes\main.pwn:197)
[02/04/26 17:14:17] [ERROR] cache_get_value_name_int: value 'NULL' is not a number (C:\Users\SPARTAN PC\Documents\GTA FULL\Server\gamemodes\main.pwn:197)
[02/04/26 17:14:17] [ERROR] cache_get_value_name_int: value 'NULL' is not a number (C:\Users\SPARTAN PC\Documents\GTA FULL\Server\gamemodes\main.pwn:197)
[02/04/26 17:14:17] [ERROR] cache_get_value_name_int: value 'NULL' is not a number (C:\Users\SPARTAN PC\Documents\GTA FULL\Server\gamemodes\main.pwn:197)
[02/04/26 17:16:20] [ERROR] cache_get_value_name_int: value 'NULL' is not a number (C:\Users\SPARTAN PC\Documents\GTA FULL\Server\gamemodes\main.pwn:197)
[02/04/26 17:16:20] [ERROR] cache_get_value_name_int: value 'NULL' is not a number (C:\Users\SPARTAN PC\Documents\GTA FULL\Server\gamemodes\main.pwn:197)
[02/04/26 17:16:20] [ERROR] cache_get_value_name_int: value 'NULL' is not a number (C:\Users\SPARTAN PC\Documents\GTA FULL\Server\gamemodes\main.pwn:197)
[02/04/26 17:16:20] [ERROR] cache_get_value_name_int: value 'NULL' is not a number (C:\Users\SPARTAN PC\Documents\GTA FULL\Server\gamemodes\main.pwn:197)
[02/04/26 17:16:20] [ERROR] cache_get_value_name_int: value 'NULL' is not a number (C:\Users\SPARTAN PC\Documents\GTA FULL\Server\gamemodes\main.pwn:197)
[02/04/26 17:16:20] [ERROR] cache_get_value_name_int: value 'NULL' is not a number (C:\Users\SPARTAN PC\Documents\GTA FULL\Server\gamemodes\main.pwn:197)
[02/04/26 17:16:20] [ERROR] cache_get_value_name_int: value 'NULL' is not a number (C:\Users\SPARTAN PC\Documents\GTA FULL\Server\gamemodes\main.pwn:197)
[02/04/26 17:16:35] [ERROR] cache_get_value_name_int: value 'NULL' is not a number (C:\Users\SPARTAN PC\Documents\GTA FULL\Server\gamemodes\main.pwn:197)
[02/04/26 17:16:35] [ERROR] cache_get_value_name_int: value 'NULL' is not a number (C:\Users\SPARTAN PC\Documents\GTA FULL\Server\gamemodes\main.pwn:197)
[02/04/26 17:16:35] [ERROR] cache_get_value_name_int: value 'NULL' is not a number (C:\Users\SPARTAN PC\Documents\GTA FULL\Server\gamemodes\main.pwn:197)
[02/04/26 17:16:35] [ERROR] cache_get_value_name_int: value 'NULL' is not a number (C:\Users\SPARTAN PC\Documents\GTA FULL\Server\gamemodes\main.pwn:197)
[02/04/26 17:16:35] [ERROR] cache_get_value_name_int: value 'NULL' is not a number (C:\Users\SPARTAN PC\Documents\GTA FULL\Server\gamemodes\main.pwn:197)
[02/04/26 17:16:35] [ERROR] cache_get_value_name_int: value 'NULL' is not a number (C:\Users\SPARTAN PC\Documents\GTA FULL\Server\gamemodes\main.pwn:197)
[02/04/26 17:16:35] [ERROR] cache_get_value_name_int: value 'NULL' is not a number (C:\Users\SPARTAN PC\Documents\GTA FULL\Server\gamemodes\main.pwn:197)
[02/04/26 17:17:05] [ERROR] cache_get_value_name_int: value 'NULL' is not a number (C:\Users\SPARTAN PC\Documents\GTA FULL\Server\gamemodes\main.pwn:197)
[02/04/26 17:17:05] [ERROR] cache_get_value_name_int: value 'NULL' is not a number (C:\Users\SPARTAN PC\Documents\GTA FULL\Server\gamemodes\main.pwn:197)
[02/04/26 17:17:05] [ERROR] cache_get_value_name_int: value 'NULL' is not a number (C:\Users\SPARTAN PC\Documents\GTA FULL\Server\gamemodes\main.pwn:197)
[02/04/26 17:17:05] [ERROR] cache_get_value_name_int: value 'NULL' is not a number (C:\Users\SPARTAN PC\Documents\GTA FULL\Server\gamemodes\main.pwn:197)
[02/04/26 17:17:05] [ERROR] cache_get_value_name_int: value 'NULL' is not a number (C:\Users\SPARTAN PC\Documents\GTA FULL\Server\gamemodes\main.pwn:197)
[02/04/26 17:17:05] [ERROR] cache_get_value_name_int: value 'NULL' is not a number (C:\Users\SPARTAN PC\Documents\GTA FULL\Server\gamemodes\main.pwn:197)
[02/04/26 17:17:05] [ERROR] cache_get_value_name_int: value 'NULL' is not a number (C:\Users\SPARTAN PC\Documents\GTA FULL\Server\gamemodes\main.pwn:197)
[02/04/26 17:19:57] [ERROR] cache_get_value_name_int: value 'NULL' is not a number (C:\Users\SPARTAN PC\Documents\GTA FULL\Server\gamemodes\main.pwn:199)
[02/04/26 17:19:57] [ERROR] cache_get_value_name_int: value 'NULL' is not a number (C:\Users\SPARTAN PC\Documents\GTA FULL\Server\gamemodes\main.pwn:199)
[02/04/26 17:19:57] [ERROR] cache_get_value_name_int: value 'NULL' is not a number (C:\Users\SPARTAN PC\Documents\GTA FULL\Server\gamemodes\main.pwn:199)
[02/04/26 17:19:57] [ERROR] cache_get_value_name_int: value 'NULL' is not a number (C:\Users\SPARTAN PC\Documents\GTA FULL\Server\gamemodes\main.pwn:199)
[02/04/26 17:19:57] [ERROR] cache_get_value_name_int: value 'NULL' is not a number (C:\Users\SPARTAN PC\Documents\GTA FULL\Server\gamemodes\main.pwn:199)
[02/04/26 17:19:57] [ERROR] cache_get_value_name_int: value 'NULL' is not a number (C:\Users\SPARTAN PC\Documents\GTA FULL\Server\gamemodes\main.pwn:199)
[02/04/26 17:19:57] [ERROR] cache_get_value_name_int: value 'NULL' is not a number (C:\Users\SPARTAN PC\Documents\GTA FULL\Server\gamemodes\main.pwn:199)
[02/04/26 17:43:03] [ERROR] error #1054 while executing query "SELECT id, x, y, z, interior, price, name, description, owner FROM houses;": Unknown column 'interior' in 'field list' (C:\Users\SPARTAN PC\Documents\GTA FULL\Server\gamemodes\main.pwn:186 -> C:\Users\SPARTAN PC\Documents\GTA FULL\Server\gamemodes\main.pwn:110 -> C:\Users\SPARTAN PC\Documents\GTA FULL\Server\dependencies\.resources\sscanf-019253\sscanf2.inc:1065)
[02/04/26 17:44:03] [ERROR] cache_get_value_name_int: value 'NULL' is not a number (C:\Users\SPARTAN PC\Documents\GTA FULL\Server\gamemodes\main.pwn:200)
[02/04/26 17:44:03] [ERROR] cache_get_value_name_int: value 'NULL' is not a number (C:\Users\SPARTAN PC\Documents\GTA FULL\Server\gamemodes\main.pwn:200)
[02/04/26 17:44:03] [ERROR] cache_get_value_name_int: value 'NULL' is not a number (C:\Users\SPARTAN PC\Documents\GTA FULL\Server\gamemodes\main.pwn:200)
[02/04/26 17:44:03] [ERROR] cache_get_value_name_int: value 'NULL' is not a number (C:\Users\SPARTAN PC\Documents\GTA FULL\Server\gamemodes\main.pwn:200)
[02/04/26 17:44:03] [ERROR] cache_get_value_name_int: value 'NULL' is not a number (C:\Users\SPARTAN PC\Documents\GTA FULL\Server\gamemodes\main.pwn:200)
[02/04/26 17:44:03] [ERROR] cache_get_value_name_int: value 'NULL' is not a number (C:\Users\SPARTAN PC\Documents\GTA FULL\Server\gamemodes\main.pwn:200)
[02/04/26 17:44:03] [ERROR] cache_get_value_name_int: value 'NULL' is not a number (C:\Users\SPARTAN PC\Documents\GTA FULL\Server\gamemodes\main.pwn:200)
[02/04/26 18:04:38] [ERROR] cache_get_value_name_int: value 'NULL' is not a number (C:\Users\SPARTAN PC\Documents\GTA FULL\Server\gamemodes\main.pwn:207)
[02/04/26 18:04:38] [ERROR] cache_get_value_name_int: value 'NULL' is not a number (C:\Users\SPARTAN PC\Documents\GTA FULL\Server\gamemodes\main.pwn:207)
[02/04/26 18:04:38] [ERROR] cache_get_value_name_int: value 'NULL' is not a number (C:\Users\SPARTAN PC\Documents\GTA FULL\Server\gamemodes\main.pwn:207)
[02/04/26 18:04:38] [ERROR] cache_get_value_name_int: value 'NULL' is not a number (C:\Users\SPARTAN PC\Documents\GTA FULL\Server\gamemodes\main.pwn:207)
[02/04/26 18:04:38] [ERROR] cache_get_value_name_int: value 'NULL' is not a number (C:\Users\SPARTAN PC\Documents\GTA FULL\Server\gamemodes\main.pwn:207)
[02/04/26 18:04:38] [ERROR] cache_get_value_name_int: value 'NULL' is not a number (C:\Users\SPARTAN PC\Documents\GTA FULL\Server\gamemodes\main.pwn:207)
[02/04/26 18:04:38] [ERROR] cache_get_value_name_int: value 'NULL' is not a number (C:\Users\SPARTAN PC\Documents\GTA FULL\Server\gamemodes\main.pwn:207)
[02/04/26 18:26:12] [ERROR] cache_get_value_name_int: value 'NULL' is not a number (C:\Users\SPARTAN PC\Documents\GTA FULL\Server\gamemodes\main.pwn:207)
[02/04/26 18:26:12] [ERROR] cache_get_value_name_int: value 'NULL' is not a number (C:\Users\SPARTAN PC\Documents\GTA FULL\Server\gamemodes\main.pwn:207)
[02/04/26 18:26:12] [ERROR] cache_get_value_name_int: value 'NULL' is not a number (C:\Users\SPARTAN PC\Documents\GTA FULL\Server\gamemodes\main.pwn:207)
[02/04/26 18:26:12] [ERROR] cache_get_value_name_int: value 'NULL' is not a number (C:\Users\SPARTAN PC\Documents\GTA FULL\Server\gamemodes\main.pwn:207)
[02/04/26 18:26:12] [ERROR] cache_get_value_name_int: value 'NULL' is not a number (C:\Users\SPARTAN PC\Documents\GTA FULL\Server\gamemodes\main.pwn:207)
[02/04/26 18:26:12] [ERROR] cache_get_value_name_int: value 'NULL' is not a number (C:\Users\SPARTAN PC\Documents\GTA FULL\Server\gamemodes\main.pwn:207)
[02/04/26 18:26:12] [ERROR] cache_get_value_name_int: value 'NULL' is not a number (C:\Users\SPARTAN PC\Documents\GTA FULL\Server\gamemodes\main.pwn:207)
[02/05/26 17:37:31] [ERROR] cache_get_value_name_int: value 'NULL' is not a number (C:\Users\SPARTAN PC\Documents\GTA FULL\Server\gamemodes\main.pwn:351)
[02/05/26 17:37:31] [ERROR] cache_get_value_name_int: value 'NULL' is not a number (C:\Users\SPARTAN PC\Documents\GTA FULL\Server\gamemodes\main.pwn:351)
[02/05/26 17:37:31] [ERROR] cache_get_value_name_int: value 'NULL' is not a number (C:\Users\SPARTAN PC\Documents\GTA FULL\Server\gamemodes\main.pwn:351)
[02/05/26 17:37:31] [ERROR] cache_get_value_name_int: value 'NULL' is not a number (C:\Users\SPARTAN PC\Documents\GTA FULL\Server\gamemodes\main.pwn:351)
[02/05/26 17:37:31] [ERROR] cache_get_value_name_int: value 'NULL' is not a number (C:\Users\SPARTAN PC\Documents\GTA FULL\Server\gamemodes\main.pwn:351)
[02/05/26 17:37:31] [ERROR] cache_get_value_name_int: value 'NULL' is not a number (C:\Users\SPARTAN PC\Documents\GTA FULL\Server\gamemodes\main.pwn:351)
[02/05/26 17:37:31] [ERROR] cache_get_value_name_int: value 'NULL' is not a number (C:\Users\SPARTAN PC\Documents\GTA FULL\Server\gamemodes\main.pwn:351)
[02/05/26 17:48:21] [ERROR] cache_get_value_name_int: value 'NULL' is not a number (C:\Users\SPARTAN PC\Documents\GTA FULL\Server\gamemodes\main.pwn:351)
[02/05/26 17:48:21] [ERROR] cache_get_value_name_int: value 'NULL' is not a number (C:\Users\SPARTAN PC\Documents\GTA FULL\Server\gamemodes\main.pwn:351)
[02/05/26 17:48:21] [ERROR] cache_get_value_name_int: value 'NULL' is not a number (C:\Users\SPARTAN PC\Documents\GTA FULL\Server\gamemodes\main.pwn:351)
[02/05/26 17:48:21] [ERROR] cache_get_value_name_int: value 'NULL' is not a number (C:\Users\SPARTAN PC\Documents\GTA FULL\Server\gamemodes\main.pwn:351)
[02/05/26 17:48:21] [ERROR] cache_get_value_name_int: value 'NULL' is not a number (C:\Users\SPARTAN PC\Documents\GTA FULL\Server\gamemodes\main.pwn:351)
[02/05/26 17:48:21] [ERROR] cache_get_value_name_int: value 'NULL' is not a number (C:\Users\SPARTAN PC\Documents\GTA FULL\Server\gamemodes\main.pwn:351)
[02/05/26 17:48:21] [ERROR] cache_get_value_name_int: value 'NULL' is not a number (C:\Users\SPARTAN PC\Documents\GTA FULL\Server\gamemodes\main.pwn:351)
[02/06/26 14:59:23] [ERROR] error #1146 while executing query "SELECT id, x, y, z, price, name, description, owner, interior_id, interior_x, interior_y, interior_z, virtual_world FROM h houses;": Table 'rp.h' doesn't exist (C:\Users\SPARTAN PC\Documents\GTA FULL\Server\gamemodes\main.pwn:337 -> C:\Users\SPARTAN PC\Documents\GTA FULL\Server\gamemodes\main.pwn:198 -> C:\Users\SPARTAN PC\Documents\GTA FULL\Server\dependencies\.resources\sscanf-019253\sscanf2.inc:1065)
[02/06/26 14:59:30] [ERROR] error #1146 while executing query "SELECT id, x, y, z, price, name, description, owner, interior_id, interior_x, interior_y, interior_z, virtual_world FROM h houses;": Table 'rp.h' doesn't exist (C:\Users\SPARTAN PC\Documents\GTA FULL\Server\gamemodes\main.pwn:337 -> C:\Users\SPARTAN PC\Documents\GTA FULL\Server\gamemodes\main.pwn:198 -> C:\Users\SPARTAN PC\Documents\GTA FULL\Server\dependencies\.resources\sscanf-019253\sscanf2.inc:1065)
[02/06/26 14:59:56] [ERROR] cache_get_value_name_int: value 'NULL' is not a number (C:\Users\SPARTAN PC\Documents\GTA FULL\Server\gamemodes\main.pwn:351)
[02/06/26 14:59:56] [ERROR] cache_get_value_name_int: value 'NULL' is not a number (C:\Users\SPARTAN PC\Documents\GTA FULL\Server\gamemodes\main.pwn:351)
[02/06/26 14:59:56] [ERROR] cache_get_value_name_int: value 'NULL' is not a number (C:\Users\SPARTAN PC\Documents\GTA FULL\Server\gamemodes\main.pwn:351)
[02/06/26 14:59:56] [ERROR] cache_get_value_name_int: value 'NULL' is not a number (C:\Users\SPARTAN PC\Documents\GTA FULL\Server\gamemodes\main.pwn:351)
[02/06/26 14:59:56] [ERROR] cache_get_value_name_int: value 'NULL' is not a number (C:\Users\SPARTAN PC\Documents\GTA FULL\Server\gamemodes\main.pwn:351)
[02/06/26 14:59:56] [ERROR] cache_get_value_name_int: value 'NULL' is not a number (C:\Users\SPARTAN PC\Documents\GTA FULL\Server\gamemodes\main.pwn:351)
[02/06/26 14:59:56] [ERROR] cache_get_value_name_int: value 'NULL' is not a number (C:\Users\SPARTAN PC\Documents\GTA FULL\Server\gamemodes\main.pwn:351)
[02/06/26 15:05:07] [ERROR] cache_get_value_name_int: value 'NULL' is not a number (C:\Users\SPARTAN PC\Documents\GTA FULL\Server\gamemodes\main.pwn:351)
[02/06/26 15:05:07] [ERROR] cache_get_value_name_int: value 'NULL' is not a number (C:\Users\SPARTAN PC\Documents\GTA FULL\Server\gamemodes\main.pwn:351)
[02/06/26 15:05:07] [ERROR] cache_get_value_name_int: value 'NULL' is not a number (C:\Users\SPARTAN PC\Documents\GTA FULL\Server\gamemodes\main.pwn:351)
[02/06/26 15:05:07] [ERROR] cache_get_value_name_int: value 'NULL' is not a number (C:\Users\SPARTAN PC\Documents\GTA FULL\Server\gamemodes\main.pwn:351)
[02/06/26 15:05:07] [ERROR] cache_get_value_name_int: value 'NULL' is not a number (C:\Users\SPARTAN PC\Documents\GTA FULL\Server\gamemodes\main.pwn:351)
[02/06/26 15:05:07] [ERROR] cache_get_value_name_int: value 'NULL' is not a number (C:\Users\SPARTAN PC\Documents\GTA FULL\Server\gamemodes\main.pwn:351)
[02/06/26 15:05:07] [ERROR] cache_get_value_name_int: value 'NULL' is not a number (C:\Users\SPARTAN PC\Documents\GTA FULL\Server\gamemodes\main.pwn:351)
[02/06/26 15:06:58] [ERROR] cache_get_value_name_int: value 'NULL' is not a number (C:\Users\SPARTAN PC\Documents\GTA FULL\Server\gamemodes\main.pwn:378)
[02/06/26 15:06:58] [ERROR] cache_get_value_name_int: value 'NULL' is not a number (C:\Users\SPARTAN PC\Documents\GTA FULL\Server\gamemodes\main.pwn:379)
[02/06/26 15:08:12] [ERROR] cache_get_value_name_int: value 'NULL' is not a number (C:\Users\SPARTAN PC\Documents\GTA FULL\Server\gamemodes\main.pwn:351)
[02/06/26 15:08:12] [ERROR] cache_get_value_name_int: value 'NULL' is not a number (C:\Users\SPARTAN PC\Documents\GTA FULL\Server\gamemodes\main.pwn:351)
[02/06/26 15:08:12] [ERROR] cache_get_value_name_int: value 'NULL' is not a number (C:\Users\SPARTAN PC\Documents\GTA FULL\Server\gamemodes\main.pwn:351)
[02/06/26 15:08:12] [ERROR] cache_get_value_name_int: value 'NULL' is not a number (C:\Users\SPARTAN PC\Documents\GTA FULL\Server\gamemodes\main.pwn:351)
[02/06/26 15:08:12] [ERROR] cache_get_value_name_int: value 'NULL' is not a number (C:\Users\SPARTAN PC\Documents\GTA FULL\Server\gamemodes\main.pwn:351)
[02/06/26 15:08:12] [ERROR] cache_get_value_name_int: value 'NULL' is not a number (C:\Users\SPARTAN PC\Documents\GTA FULL\Server\gamemodes\main.pwn:351)
[02/06/26 15:08:12] [ERROR] cache_get_value_name_int: value 'NULL' is not a number (C:\Users\SPARTAN PC\Documents\GTA FULL\Server\gamemodes\main.pwn:351)
[02/06/26 15:09:09] [ERROR] cache_get_value_name_int: value 'NULL' is not a number (C:\Users\SPARTAN PC\Documents\GTA FULL\Server\gamemodes\main.pwn:378)
[02/06/26 15:09:09] [ERROR] cache_get_value_name_int: value 'NULL' is not a number (C:\Users\SPARTAN PC\Documents\GTA FULL\Server\gamemodes\main.pwn:379)
[02/06/26 15:10:09] [ERROR] cache_get_value_name_int: value 'NULL' is not a number (C:\Users\SPARTAN PC\Documents\GTA FULL\Server\gamemodes\main.pwn:351)
[02/06/26 15:10:09] [ERROR] cache_get_value_name_int: value 'NULL' is not a number (C:\Users\SPARTAN PC\Documents\GTA FULL\Server\gamemodes\main.pwn:351)
[02/06/26 15:10:09] [ERROR] cache_get_value_name_int: value 'NULL' is not a number (C:\Users\SPARTAN PC\Documents\GTA FULL\Server\gamemodes\main.pwn:351)
[02/06/26 15:10:09] [ERROR] cache_get_value_name_int: value 'NULL' is not a number (C:\Users\SPARTAN PC\Documents\GTA FULL\Server\gamemodes\main.pwn:351)
[02/06/26 15:10:09] [ERROR] cache_get_value_name_int: value 'NULL' is not a number (C:\Users\SPARTAN PC\Documents\GTA FULL\Server\gamemodes\main.pwn:351)
[02/06/26 15:10:09] [ERROR] cache_get_value_name_int: value 'NULL' is not a number (C:\Users\SPARTAN PC\Documents\GTA FULL\Server\gamemodes\main.pwn:351)
[02/06/26 15:10:09] [ERROR] cache_get_value_name_int: value 'NULL' is not a number (C:\Users\SPARTAN PC\Documents\GTA FULL\Server\gamemodes\main.pwn:351)
[02/06/26 15:10:32] [ERROR] cache_get_value_name_int: value 'NULL' is not a number (C:\Users\SPARTAN PC\Documents\GTA FULL\Server\gamemodes\main.pwn:379)
[02/06/26 15:10:32] [ERROR] cache_get_value_name_int: value 'NULL' is not a number (C:\Users\SPARTAN PC\Documents\GTA FULL\Server\gamemodes\main.pwn:380)
[02/06/26 15:11:37] [ERROR] cache_get_value_name_int: value 'NULL' is not a number (C:\Users\SPARTAN PC\Documents\GTA FULL\Server\gamemodes\main.pwn:352)
[02/06/26 15:11:37] [ERROR] cache_get_value_name_int: value 'NULL' is not a number (C:\Users\SPARTAN PC\Documents\GTA FULL\Server\gamemodes\main.pwn:352)
[02/06/26 15:11:37] [ERROR] cache_get_value_name_int: value 'NULL' is not a number (C:\Users\SPARTAN PC\Documents\GTA FULL\Server\gamemodes\main.pwn:352)
[02/06/26 15:11:37] [ERROR] cache_get_value_name_int: value 'NULL' is not a number (C:\Users\SPARTAN PC\Documents\GTA FULL\Server\gamemodes\main.pwn:352)
[02/06/26 15:11:37] [ERROR] cache_get_value_name_int: value 'NULL' is not a number (C:\Users\SPARTAN PC\Documents\GTA FULL\Server\gamemodes\main.pwn:352)
[02/06/26 15:11:37] [ERROR] cache_get_value_name_int: value 'NULL' is not a number (C:\Users\SPARTAN PC\Documents\GTA FULL\Server\gamemodes\main.pwn:352)
[02/06/26 15:11:37] [ERROR] cache_get_value_name_int: value 'NULL' is not a number (C:\Users\SPARTAN PC\Documents\GTA FULL\Server\gamemodes\main.pwn:352)
[02/06/26 15:12:00] [ERROR] cache_get_value_name_int: value 'NULL' is not a number (C:\Users\SPARTAN PC\Documents\GTA FULL\Server\gamemodes\main.pwn:380)
[02/06/26 15:12:00] [ERROR] cache_get_value_name_int: value 'NULL' is not a number (C:\Users\SPARTAN PC\Documents\GTA FULL\Server\gamemodes\main.pwn:381)
[02/06/26 15:16:44] [ERROR] cache_get_value_name_int: value 'NULL' is not a number (C:\Users\SPARTAN PC\Documents\GTA FULL\Server\gamemodes\main.pwn:369)
[02/06/26 15:16:44] [ERROR] cache_get_value_name_int: value 'NULL' is not a number (C:\Users\SPARTAN PC\Documents\GTA FULL\Server\gamemodes\main.pwn:369)
[02/06/26 15:16:44] [ERROR] cache_get_value_name_int: value 'NULL' is not a number (C:\Users\SPARTAN PC\Documents\GTA FULL\Server\gamemodes\main.pwn:369)
[02/06/26 15:16:44] [ERROR] cache_get_value_name_int: value 'NULL' is not a number (C:\Users\SPARTAN PC\Documents\GTA FULL\Server\gamemodes\main.pwn:369)
[02/06/26 15:16:44] [ERROR] cache_get_value_name_int: value 'NULL' is not a number (C:\Users\SPARTAN PC\Documents\GTA FULL\Server\gamemodes\main.pwn:369)
[02/06/26 15:16:44] [ERROR] cache_get_value_name_int: value 'NULL' is not a number (C:\Users\SPARTAN PC\Documents\GTA FULL\Server\gamemodes\main.pwn:369)
[02/06/26 15:16:44] [ERROR] cache_get_value_name_int: value 'NULL' is not a number (C:\Users\SPARTAN PC\Documents\GTA FULL\Server\gamemodes\main.pwn:369)
[02/06/26 15:17:07] [ERROR] cache_get_value_name_int: value 'NULL' is not a number (C:\Users\SPARTAN PC\Documents\GTA FULL\Server\gamemodes\main.pwn:397)
[02/06/26 15:17:07] [ERROR] cache_get_value_name_int: value 'NULL' is not a number (C:\Users\SPARTAN PC\Documents\GTA FULL\Server\gamemodes\main.pwn:398)
[02/06/26 15:17:49] [ERROR] cache_get_value_name_int: value 'NULL' is not a number (C:\Users\SPARTAN PC\Documents\GTA FULL\Server\gamemodes\main.pwn:367)
[02/06/26 15:17:49] [ERROR] cache_get_value_name_int: value 'NULL' is not a number (C:\Users\SPARTAN PC\Documents\GTA FULL\Server\gamemodes\main.pwn:367)
[02/06/26 15:17:49] [ERROR] cache_get_value_name_int: value 'NULL' is not a number (C:\Users\SPARTAN PC\Documents\GTA FULL\Server\gamemodes\main.pwn:367)
[02/06/26 15:17:49] [ERROR] cache_get_value_name_int: value 'NULL' is not a number (C:\Users\SPARTAN PC\Documents\GTA FULL\Server\gamemodes\main.pwn:367)
[02/06/26 15:17:49] [ERROR] cache_get_value_name_int: value 'NULL' is not a number (C:\Users\SPARTAN PC\Documents\GTA FULL\Server\gamemodes\main.pwn:367)
[02/06/26 15:17:49] [ERROR] cache_get_value_name_int: value 'NULL' is not a number (C:\Users\SPARTAN PC\Documents\GTA FULL\Server\gamemodes\main.pwn:367)
[02/06/26 15:17:49] [ERROR] cache_get_value_name_int: value 'NULL' is not a number (C:\Users\SPARTAN PC\Documents\GTA FULL\Server\gamemodes\main.pwn:367)
[02/06/26 15:18:10] [ERROR] cache_get_value_name_int: value 'NULL' is not a number (C:\Users\SPARTAN PC\Documents\GTA FULL\Server\gamemodes\main.pwn:395)
[02/06/26 15:18:10] [ERROR] cache_get_value_name_int: value 'NULL' is not a number (C:\Users\SPARTAN PC\Documents\GTA FULL\Server\gamemodes\main.pwn:396)
[02/06/26 15:20:37] [ERROR] cache_get_value_name_int: value 'NULL' is not a number (C:\Users\SPARTAN PC\Documents\GTA FULL\Server\gamemodes\main.pwn:368)
[02/06/26 15:20:37] [ERROR] cache_get_value_name_int: value 'NULL' is not a number (C:\Users\SPARTAN PC\Documents\GTA FULL\Server\gamemodes\main.pwn:368)
[02/06/26 15:20:37] [ERROR] cache_get_value_name_int: value 'NULL' is not a number (C:\Users\SPARTAN PC\Documents\GTA FULL\Server\gamemodes\main.pwn:368)
[02/06/26 15:20:37] [ERROR] cache_get_value_name_int: value 'NULL' is not a number (C:\Users\SPARTAN PC\Documents\GTA FULL\Server\gamemodes\main.pwn:368)
[02/06/26 15:20:37] [ERROR] cache_get_value_name_int: value 'NULL' is not a number (C:\Users\SPARTAN PC\Documents\GTA FULL\Server\gamemodes\main.pwn:368)
[02/06/26 15:20:37] [ERROR] cache_get_value_name_int: value 'NULL' is not a number (C:\Users\SPARTAN PC\Documents\GTA FULL\Server\gamemodes\main.pwn:368)
[02/06/26 15:20:37] [ERROR] cache_get_value_name_int: value 'NULL' is not a number (C:\Users\SPARTAN PC\Documents\GTA FULL\Server\gamemodes\main.pwn:368)
[02/06/26 15:21:06] [ERROR] cache_get_value_name_int: value 'NULL' is not a number (C:\Users\SPARTAN PC\Documents\GTA FULL\Server\gamemodes\main.pwn:396)
[02/06/26 15:21:06] [ERROR] cache_get_value_name_int: value 'NULL' is not a number (C:\Users\SPARTAN PC\Documents\GTA FULL\Server\gamemodes\main.pwn:397)
[02/06/26 15:23:34] [ERROR] cache_get_value_name_int: value 'NULL' is not a number (C:\Users\SPARTAN PC\Documents\GTA FULL\Server\gamemodes\main.pwn:369)
[02/06/26 15:23:34] [ERROR] cache_get_value_name_int: value 'NULL' is not a number (C:\Users\SPARTAN PC\Documents\GTA FULL\Server\gamemodes\main.pwn:369)
[02/06/26 15:23:34] [ERROR] cache_get_value_name_int: value 'NULL' is not a number (C:\Users\SPARTAN PC\Documents\GTA FULL\Server\gamemodes\main.pwn:369)
[02/06/26 15:23:34] [ERROR] cache_get_value_name_int: value 'NULL' is not a number (C:\Users\SPARTAN PC\Documents\GTA FULL\Server\gamemodes\main.pwn:369)
[02/06/26 15:23:34] [ERROR] cache_get_value_name_int: value 'NULL' is not a number (C:\Users\SPARTAN PC\Documents\GTA FULL\Server\gamemodes\main.pwn:369)
[02/06/26 15:23:34] [ERROR] cache_get_value_name_int: value 'NULL' is not a number (C:\Users\SPARTAN PC\Documents\GTA FULL\Server\gamemodes\main.pwn:369)
[02/06/26 15:23:34] [ERROR] cache_get_value_name_int: value 'NULL' is not a number (C:\Users\SPARTAN PC\Documents\GTA FULL\Server\gamemodes\main.pwn:369)
[02/06/26 15:24:11] [ERROR] cache_get_value_name_int: value 'NULL' is not a number (C:\Users\SPARTAN PC\Documents\GTA FULL\Server\gamemodes\main.pwn:398)
[02/06/26 15:24:11] [ERROR] cache_get_value_name_int: value 'NULL' is not a number (C:\Users\SPARTAN PC\Documents\GTA FULL\Server\gamemodes\main.pwn:399)
[02/06/26 15:25:31] [ERROR] cache_get_value_name_int: value 'NULL' is not a number (C:\Users\SPARTAN PC\Documents\GTA FULL\Server\gamemodes\main.pwn:369)
[02/06/26 15:25:31] [ERROR] cache_get_value_name_int: value 'NULL' is not a number (C:\Users\SPARTAN PC\Documents\GTA FULL\Server\gamemodes\main.pwn:369)
[02/06/26 15:25:31] [ERROR] cache_get_value_name_int: value 'NULL' is not a number (C:\Users\SPARTAN PC\Documents\GTA FULL\Server\gamemodes\main.pwn:369)
[02/06/26 15:25:31] [ERROR] cache_get_value_name_int: value 'NULL' is not a number (C:\Users\SPARTAN PC\Documents\GTA FULL\Server\gamemodes\main.pwn:369)
[02/06/26 15:25:31] [ERROR] cache_get_value_name_int: value 'NULL' is not a number (C:\Users\SPARTAN PC\Documents\GTA FULL\Server\gamemodes\main.pwn:369)
[02/06/26 15:25:31] [ERROR] cache_get_value_name_int: value 'NULL' is not a number (C:\Users\SPARTAN PC\Documents\GTA FULL\Server\gamemodes\main.pwn:369)
[02/06/26 15:25:31] [ERROR] cache_get_value_name_int: value 'NULL' is not a number (C:\Users\SPARTAN PC\Documents\GTA FULL\Server\gamemodes\main.pwn:369)
[02/06/26 15:25:55] [ERROR] cache_get_value_name_int: value 'NULL' is not a number (C:\Users\SPARTAN PC\Documents\GTA FULL\Server\gamemodes\main.pwn:398)
[02/06/26 15:25:55] [ERROR] cache_get_value_name_int: value 'NULL' is not a number (C:\Users\SPARTAN PC\Documents\GTA FULL\Server\gamemodes\main.pwn:399)
[02/06/26 15:26:45] [ERROR] cache_get_value_name_int: value 'NULL' is not a number (C:\Users\SPARTAN PC\Documents\GTA FULL\Server\gamemodes\main.pwn:369)
[02/06/26 15:26:45] [ERROR] cache_get_value_name_int: value 'NULL' is not a number (C:\Users\SPARTAN PC\Documents\GTA FULL\Server\gamemodes\main.pwn:369)
[02/06/26 15:26:45] [ERROR] cache_get_value_name_int: value 'NULL' is not a number (C:\Users\SPARTAN PC\Documents\GTA FULL\Server\gamemodes\main.pwn:369)
[02/06/26 15:26:45] [ERROR] cache_get_value_name_int: value 'NULL' is not a number (C:\Users\SPARTAN PC\Documents\GTA FULL\Server\gamemodes\main.pwn:369)
[02/06/26 15:26:45] [ERROR] cache_get_value_name_int: value 'NULL' is not a number (C:\Users\SPARTAN PC\Documents\GTA FULL\Server\gamemodes\main.pwn:369)
[02/06/26 15:26:45] [ERROR] cache_get_value_name_int: value 'NULL' is not a number (C:\Users\SPARTAN PC\Documents\GTA FULL\Server\gamemodes\main.pwn:369)
[02/06/26 15:26:45] [ERROR] cache_get_value_name_int: value 'NULL' is not a number (C:\Users\SPARTAN PC\Documents\GTA FULL\Server\gamemodes\main.pwn:369)
[02/06/26 15:27:06] [ERROR] cache_get_value_name_int: value 'NULL' is not a number (C:\Users\SPARTAN PC\Documents\GTA FULL\Server\gamemodes\main.pwn:398)
[02/06/26 15:27:06] [ERROR] cache_get_value_name_int: value 'NULL' is not a number (C:\Users\SPARTAN PC\Documents\GTA FULL\Server\gamemodes\main.pwn:399)
[02/06/26 15:29:40] [ERROR] cache_get_value_name_int: value 'NULL' is not a number (C:\Users\SPARTAN PC\Documents\GTA FULL\Server\gamemodes\main.pwn:369)
[02/06/26 15:29:40] [ERROR] cache_get_value_name_int: value 'NULL' is not a number (C:\Users\SPARTAN PC\Documents\GTA FULL\Server\gamemodes\main.pwn:369)
[02/06/26 15:29:40] [ERROR] cache_get_value_name_int: value 'NULL' is not a number (C:\Users\SPARTAN PC\Documents\GTA FULL\Server\gamemodes\main.pwn:369)
[02/06/26 15:29:40] [ERROR] cache_get_value_name_int: value 'NULL' is not a number (C:\Users\SPARTAN PC\Documents\GTA FULL\Server\gamemodes\main.pwn:369)
[02/06/26 15:29:40] [ERROR] cache_get_value_name_int: value 'NULL' is not a number (C:\Users\SPARTAN PC\Documents\GTA FULL\Server\gamemodes\main.pwn:369)
[02/06/26 15:29:40] [ERROR] cache_get_value_name_int: value 'NULL' is not a number (C:\Users\SPARTAN PC\Documents\GTA FULL\Server\gamemodes\main.pwn:369)
[02/06/26 15:29:40] [ERROR] cache_get_value_name_int: value 'NULL' is not a number (C:\Users\SPARTAN PC\Documents\GTA FULL\Server\gamemodes\main.pwn:369)
[02/06/26 15:30:04] [ERROR] cache_get_value_name_int: value 'NULL' is not a number (C:\Users\SPARTAN PC\Documents\GTA FULL\Server\gamemodes\main.pwn:398)
[02/06/26 15:30:04] [ERROR] cache_get_value_name_int: value 'NULL' is not a number (C:\Users\SPARTAN PC\Documents\GTA FULL\Server\gamemodes\main.pwn:399)
[02/06/26 15:31:06] [ERROR] cache_get_value_name_int: value 'NULL' is not a number (C:\Users\SPARTAN PC\Documents\GTA FULL\Server\gamemodes\main.pwn:369)
[02/06/26 15:31:06] [ERROR] cache_get_value_name_int: value 'NULL' is not a number (C:\Users\SPARTAN PC\Documents\GTA FULL\Server\gamemodes\main.pwn:369)
[02/06/26 15:31:06] [ERROR] cache_get_value_name_int: value 'NULL' is not a number (C:\Users\SPARTAN PC\Documents\GTA FULL\Server\gamemodes\main.pwn:369)
[02/06/26 15:31:06] [ERROR] cache_get_value_name_int: value 'NULL' is not a number (C:\Users\SPARTAN PC\Documents\GTA FULL\Server\gamemodes\main.pwn:369)
[02/06/26 15:31:06] [ERROR] cache_get_value_name_int: value 'NULL' is not a number (C:\Users\SPARTAN PC\Documents\GTA FULL\Server\gamemodes\main.pwn:369)
[02/06/26 15:31:06] [ERROR] cache_get_value_name_int: value 'NULL' is not a number (C:\Users\SPARTAN PC\Documents\GTA FULL\Server\gamemodes\main.pwn:369)
[02/06/26 15:31:28] [ERROR] cache_get_value_name_int: value 'NULL' is not a number (C:\Users\SPARTAN PC\Documents\GTA FULL\Server\gamemodes\main.pwn:398)
[02/06/26 15:31:28] [ERROR] cache_get_value_name_int: value 'NULL' is not a number (C:\Users\SPARTAN PC\Documents\GTA FULL\Server\gamemodes\main.pwn:399)
[02/06/26 15:32:50] [ERROR] cache_get_value_name_int: value 'NULL' is not a number (C:\Users\SPARTAN PC\Documents\GTA FULL\Server\gamemodes\main.pwn:369)
[02/06/26 15:32:50] [ERROR] cache_get_value_name_int: value 'NULL' is not a number (C:\Users\SPARTAN PC\Documents\GTA FULL\Server\gamemodes\main.pwn:369)
[02/06/26 15:32:50] [ERROR] cache_get_value_name_int: value 'NULL' is not a number (C:\Users\SPARTAN PC\Documents\GTA FULL\Server\gamemodes\main.pwn:369)
[02/06/26 15:32:50] [ERROR] cache_get_value_name_int: value 'NULL' is not a number (C:\Users\SPARTAN PC\Documents\GTA FULL\Server\gamemodes\main.pwn:369)
[02/06/26 15:32:50] [ERROR] cache_get_value_name_int: value 'NULL' is not a number (C:\Users\SPARTAN PC\Documents\GTA FULL\Server\gamemodes\main.pwn:369)
[02/06/26 15:32:50] [ERROR] cache_get_value_name_int: value 'NULL' is not a number (C:\Users\SPARTAN PC\Documents\GTA FULL\Server\gamemodes\main.pwn:369)
[02/06/26 15:33:27] [ERROR] cache_get_value_name_int: value 'NULL' is not a number (C:\Users\SPARTAN PC\Documents\GTA FULL\Server\gamemodes\main.pwn:398)
[02/06/26 15:33:27] [ERROR] cache_get_value_name_int: value 'NULL' is not a number (C:\Users\SPARTAN PC\Documents\GTA FULL\Server\gamemodes\main.pwn:399)
[02/06/26 15:50:35] [ERROR] cache_get_value_name_int: value 'NULL' is not a number (C:\Users\SPARTAN PC\Documents\GTA FULL\Server\gamemodes\main.pwn:370)
[02/06/26 15:50:35] [ERROR] cache_get_value_name_int: value 'NULL' is not a number (C:\Users\SPARTAN PC\Documents\GTA FULL\Server\gamemodes\main.pwn:370)
[02/06/26 15:50:35] [ERROR] cache_get_value_name_int: value 'NULL' is not a number (C:\Users\SPARTAN PC\Documents\GTA FULL\Server\gamemodes\main.pwn:370)
[02/06/26 15:50:35] [ERROR] cache_get_value_name_int: value 'NULL' is not a number (C:\Users\SPARTAN PC\Documents\GTA FULL\Server\gamemodes\main.pwn:370)
[02/06/26 15:50:35] [ERROR] cache_get_value_name_int: value 'NULL' is not a number (C:\Users\SPARTAN PC\Documents\GTA FULL\Server\gamemodes\main.pwn:370)
[02/06/26 15:50:35] [ERROR] cache_get_value_name_int: value 'NULL' is not a number (C:\Users\SPARTAN PC\Documents\GTA FULL\Server\gamemodes\main.pwn:370)
[02/06/26 15:50:58] [ERROR] cache_get_value_name_int: value 'NULL' is not a number (C:\Users\SPARTAN PC\Documents\GTA FULL\Server\gamemodes\main.pwn:406)
[02/06/26 15:50:58] [ERROR] cache_get_value_name_int: value 'NULL' is not a number (C:\Users\SPARTAN PC\Documents\GTA FULL\Server\gamemodes\main.pwn:407)
[02/06/26 15:51:40] [ERROR] cache_get_value_name_int: value 'NULL' is not a number (C:\Users\SPARTAN PC\Documents\GTA FULL\Server\gamemodes\main.pwn:370)
[02/06/26 15:51:40] [ERROR] cache_get_value_name_int: value 'NULL' is not a number (C:\Users\SPARTAN PC\Documents\GTA FULL\Server\gamemodes\main.pwn:370)
[02/06/26 15:51:40] [ERROR] cache_get_value_name_int: value 'NULL' is not a number (C:\Users\SPARTAN PC\Documents\GTA FULL\Server\gamemodes\main.pwn:370)
[02/06/26 15:51:40] [ERROR] cache_get_value_name_int: value 'NULL' is not a number (C:\Users\SPARTAN PC\Documents\GTA FULL\Server\gamemodes\main.pwn:370)
[02/06/26 15:51:40] [ERROR] cache_get_value_name_int: value 'NULL' is not a number (C:\Users\SPARTAN PC\Documents\GTA FULL\Server\gamemodes\main.pwn:370)
[02/06/26 15:51:40] [ERROR] cache_get_value_name_int: value 'NULL' is not a number (C:\Users\SPARTAN PC\Documents\GTA FULL\Server\gamemodes\main.pwn:370)
[02/06/26 15:52:01] [ERROR] cache_get_value_name_int: value 'NULL' is not a number (C:\Users\SPARTAN PC\Documents\GTA FULL\Server\gamemodes\main.pwn:406)
[02/06/26 15:52:01] [ERROR] cache_get_value_name_int: value 'NULL' is not a number (C:\Users\SPARTAN PC\Documents\GTA FULL\Server\gamemodes\main.pwn:407)
[02/06/26 15:53:22] [ERROR] cache_get_value_name_int: value 'NULL' is not a number (C:\Users\SPARTAN PC\Documents\GTA FULL\Server\gamemodes\main.pwn:370)
[02/06/26 15:53:22] [ERROR] cache_get_value_name_int: value 'NULL' is not a number (C:\Users\SPARTAN PC\Documents\GTA FULL\Server\gamemodes\main.pwn:370)
[02/06/26 15:53:22] [ERROR] cache_get_value_name_int: value 'NULL' is not a number (C:\Users\SPARTAN PC\Documents\GTA FULL\Server\gamemodes\main.pwn:370)
[02/06/26 15:53:22] [ERROR] cache_get_value_name_int: value 'NULL' is not a number (C:\Users\SPARTAN PC\Documents\GTA FULL\Server\gamemodes\main.pwn:370)
[02/06/26 15:53:22] [ERROR] cache_get_value_name_int: value 'NULL' is not a number (C:\Users\SPARTAN PC\Documents\GTA FULL\Server\gamemodes\main.pwn:370)
[02/06/26 15:53:22] [ERROR] cache_get_value_name_int: value 'NULL' is not a number (C:\Users\SPARTAN PC\Documents\GTA FULL\Server\gamemodes\main.pwn:370)
[02/06/26 15:53:54] [ERROR] cache_get_value_name_int: value 'NULL' is not a number (C:\Users\SPARTAN PC\Documents\GTA FULL\Server\gamemodes\main.pwn:406)
[02/06/26 15:53:54] [ERROR] cache_get_value_name_int: value 'NULL' is not a number (C:\Users\SPARTAN PC\Documents\GTA FULL\Server\gamemodes\main.pwn:407)
[02/06/26 15:55:07] [ERROR] cache_get_value_name_int: value 'NULL' is not a number (C:\Users\SPARTAN PC\Documents\GTA FULL\Server\gamemodes\main.pwn:353)
[02/06/26 15:55:07] [ERROR] cache_get_value_name_int: value 'NULL' is not a number (C:\Users\SPARTAN PC\Documents\GTA FULL\Server\gamemodes\main.pwn:353)
[02/06/26 15:55:07] [ERROR] cache_get_value_name_int: value 'NULL' is not a number (C:\Users\SPARTAN PC\Documents\GTA FULL\Server\gamemodes\main.pwn:353)
[02/06/26 15:55:07] [ERROR] cache_get_value_name_int: value 'NULL' is not a number (C:\Users\SPARTAN PC\Documents\GTA FULL\Server\gamemodes\main.pwn:353)
[02/06/26 15:55:07] [ERROR] cache_get_value_name_int: value 'NULL' is not a number (C:\Users\SPARTAN PC\Documents\GTA FULL\Server\gamemodes\main.pwn:353)
[02/06/26 15:55:07] [ERROR] cache_get_value_name_int: value 'NULL' is not a number (C:\Users\SPARTAN PC\Documents\GTA FULL\Server\gamemodes\main.pwn:353)
[02/06/26 17:05:05] [ERROR] cache_get_value_name_int: value 'NULL' is not a number (C:\Users\SPARTAN PC\Documents\GTA FULL\Server\gamemodes\main.pwn:353)
[02/06/26 17:05:05] [ERROR] cache_get_value_name_int: value 'NULL' is not a number (C:\Users\SPARTAN PC\Documents\GTA FULL\Server\gamemodes\main.pwn:353)
[02/06/26 17:05:05] [ERROR] cache_get_value_name_int: value 'NULL' is not a number (C:\Users\SPARTAN PC\Documents\GTA FULL\Server\gamemodes\main.pwn:353)
[02/06/26 17:05:05] [ERROR] cache_get_value_name_int: value 'NULL' is not a number (C:\Users\SPARTAN PC\Documents\GTA FULL\Server\gamemodes\main.pwn:353)
[02/06/26 17:05:05] [ERROR] cache_get_value_name_int: value 'NULL' is not a number (C:\Users\SPARTAN PC\Documents\GTA FULL\Server\gamemodes\main.pwn:353)
[02/06/26 17:05:05] [ERROR] cache_get_value_name_int: value 'NULL' is not a number (C:\Users\SPARTAN PC\Documents\GTA FULL\Server\gamemodes\main.pwn:353)
[02/06/26 17:05:29] [ERROR] cache_get_value_name_int: value 'NULL' is not a number (C:\Users\SPARTAN PC\Documents\GTA FULL\Server\gamemodes\main.pwn:384)
[02/06/26 17:05:29] [ERROR] cache_get_value_name_int: value 'NULL' is not a number (C:\Users\SPARTAN PC\Documents\GTA FULL\Server\gamemodes\main.pwn:385)
[02/06/26 18:00:15] [ERROR] cache_get_value_name_int: value 'NULL' is not a number (C:\Users\SPARTAN PC\Documents\GTA FULL\Server\gamemodes\main.pwn:390)
[02/06/26 18:00:15] [ERROR] cache_get_value_name_int: value 'NULL' is not a number (C:\Users\SPARTAN PC\Documents\GTA FULL\Server\gamemodes\main.pwn:390)
[02/06/26 18:00:15] [ERROR] cache_get_value_name_int: value 'NULL' is not a number (C:\Users\SPARTAN PC\Documents\GTA FULL\Server\gamemodes\main.pwn:390)
[02/06/26 18:00:15] [ERROR] cache_get_value_name_int: value 'NULL' is not a number (C:\Users\SPARTAN PC\Documents\GTA FULL\Server\gamemodes\main.pwn:390)
[02/06/26 18:00:15] [ERROR] cache_get_value_name_int: value 'NULL' is not a number (C:\Users\SPARTAN PC\Documents\GTA FULL\Server\gamemodes\main.pwn:390)
[02/06/26 18:00:15] [ERROR] cache_get_value_name_int: value 'NULL' is not a number (C:\Users\SPARTAN PC\Documents\GTA FULL\Server\gamemodes\main.pwn:390)
[02/06/26 18:00:48] [ERROR] cache_get_value_name_int: value 'NULL' is not a number (C:\Users\SPARTAN PC\Documents\GTA FULL\Server\gamemodes\main.pwn:421)
[02/06/26 18:00:48] [ERROR] cache_get_value_name_int: value 'NULL' is not a number (C:\Users\SPARTAN PC\Documents\GTA FULL\Server\gamemodes\main.pwn:422)
[02/06/26 18:02:38] [ERROR] cache_get_value_name_int: value 'NULL' is not a number (C:\Users\SPARTAN PC\Documents\GTA FULL\Server\gamemodes\main.pwn:391)
[02/06/26 18:02:38] [ERROR] cache_get_value_name_int: value 'NULL' is not a number (C:\Users\SPARTAN PC\Documents\GTA FULL\Server\gamemodes\main.pwn:391)
[02/06/26 18:02:38] [ERROR] cache_get_value_name_int: value 'NULL' is not a number (C:\Users\SPARTAN PC\Documents\GTA FULL\Server\gamemodes\main.pwn:391)
[02/06/26 18:02:38] [ERROR] cache_get_value_name_int: value 'NULL' is not a number (C:\Users\SPARTAN PC\Documents\GTA FULL\Server\gamemodes\main.pwn:391)
[02/06/26 18:02:38] [ERROR] cache_get_value_name_int: value 'NULL' is not a number (C:\Users\SPARTAN PC\Documents\GTA FULL\Server\gamemodes\main.pwn:391)
[02/06/26 18:02:38] [ERROR] cache_get_value_name_int: value 'NULL' is not a number (C:\Users\SPARTAN PC\Documents\GTA FULL\Server\gamemodes\main.pwn:391)
[02/06/26 18:02:59] [ERROR] cache_get_value_name_int: value 'NULL' is not a number (C:\Users\SPARTAN PC\Documents\GTA FULL\Server\gamemodes\main.pwn:422)
[02/06/26 18:02:59] [ERROR] cache_get_value_name_int: value 'NULL' is not a number (C:\Users\SPARTAN PC\Documents\GTA FULL\Server\gamemodes\main.pwn:423)
[02/06/26 18:09:04] [ERROR] cache_get_value_name_int: value 'NULL' is not a number (C:\Users\SPARTAN PC\Documents\GTA FULL\Server\gamemodes\main.pwn:410)
[02/06/26 18:09:04] [ERROR] cache_get_value_name_int: value 'NULL' is not a number (C:\Users\SPARTAN PC\Documents\GTA FULL\Server\gamemodes\main.pwn:410)
[02/06/26 18:09:04] [ERROR] cache_get_value_name_int: value 'NULL' is not a number (C:\Users\SPARTAN PC\Documents\GTA FULL\Server\gamemodes\main.pwn:410)
[02/06/26 18:09:04] [ERROR] cache_get_value_name_int: value 'NULL' is not a number (C:\Users\SPARTAN PC\Documents\GTA FULL\Server\gamemodes\main.pwn:410)
[02/06/26 18:09:04] [ERROR] cache_get_value_name_int: value 'NULL' is not a number (C:\Users\SPARTAN PC\Documents\GTA FULL\Server\gamemodes\main.pwn:410)
[02/06/26 18:09:04] [ERROR] cache_get_value_name_int: value 'NULL' is not a number (C:\Users\SPARTAN PC\Documents\GTA FULL\Server\gamemodes\main.pwn:410)
[02/06/26 18:09:31] [ERROR] cache_get_value_name_int: value 'NULL' is not a number (C:\Users\SPARTAN PC\Documents\GTA FULL\Server\gamemodes\main.pwn:441)
[02/06/26 18:09:31] [ERROR] cache_get_value_name_int: value 'NULL' is not a number (C:\Users\SPARTAN PC\Documents\GTA FULL\Server\gamemodes\main.pwn:442)
[02/06/26 18:10:03] [ERROR] cache_get_value_name_int: value 'NULL' is not a number (C:\Users\SPARTAN PC\Documents\GTA FULL\Server\gamemodes\main.pwn:408)
[02/06/26 18:10:03] [ERROR] cache_get_value_name_int: value 'NULL' is not a number (C:\Users\SPARTAN PC\Documents\GTA FULL\Server\gamemodes\main.pwn:408)
[02/06/26 18:10:03] [ERROR] cache_get_value_name_int: value 'NULL' is not a number (C:\Users\SPARTAN PC\Documents\GTA FULL\Server\gamemodes\main.pwn:408)
[02/06/26 18:10:03] [ERROR] cache_get_value_name_int: value 'NULL' is not a number (C:\Users\SPARTAN PC\Documents\GTA FULL\Server\gamemodes\main.pwn:408)
[02/06/26 18:10:03] [ERROR] cache_get_value_name_int: value 'NULL' is not a number (C:\Users\SPARTAN PC\Documents\GTA FULL\Server\gamemodes\main.pwn:408)
[02/06/26 18:10:03] [ERROR] cache_get_value_name_int: value 'NULL' is not a number (C:\Users\SPARTAN PC\Documents\GTA FULL\Server\gamemodes\main.pwn:408)
[02/06/26 18:10:24] [ERROR] cache_get_value_name_int: value 'NULL' is not a number (C:\Users\SPARTAN PC\Documents\GTA FULL\Server\gamemodes\main.pwn:439)
[02/06/26 18:10:24] [ERROR] cache_get_value_name_int: value 'NULL' is not a number (C:\Users\SPARTAN PC\Documents\GTA FULL\Server\gamemodes\main.pwn:440)
[02/06/26 18:12:02] [ERROR] cache_get_value_name_int: value 'NULL' is not a number (C:\Users\SPARTAN PC\Documents\GTA FULL\Server\gamemodes\main.pwn:408)
[02/06/26 18:12:02] [ERROR] cache_get_value_name_int: value 'NULL' is not a number (C:\Users\SPARTAN PC\Documents\GTA FULL\Server\gamemodes\main.pwn:408)
[02/06/26 18:12:02] [ERROR] cache_get_value_name_int: value 'NULL' is not a number (C:\Users\SPARTAN PC\Documents\GTA FULL\Server\gamemodes\main.pwn:408)
[02/06/26 18:12:02] [ERROR] cache_get_value_name_int: value 'NULL' is not a number (C:\Users\SPARTAN PC\Documents\GTA FULL\Server\gamemodes\main.pwn:408)
[02/06/26 18:12:02] [ERROR] cache_get_value_name_int: value 'NULL' is not a number (C:\Users\SPARTAN PC\Documents\GTA FULL\Server\gamemodes\main.pwn:408)
[02/06/26 18:12:02] [ERROR] cache_get_value_name_int: value 'NULL' is not a number (C:\Users\SPARTAN PC\Documents\GTA FULL\Server\gamemodes\main.pwn:408)
[02/06/26 18:12:23] [ERROR] cache_get_value_name_int: value 'NULL' is not a number (C:\Users\SPARTAN PC\Documents\GTA FULL\Server\gamemodes\main.pwn:439)
[02/06/26 18:12:23] [ERROR] cache_get_value_name_int: value 'NULL' is not a number (C:\Users\SPARTAN PC\Documents\GTA FULL\Server\gamemodes\main.pwn:440)
[02/06/26 18:14:54] [ERROR] cache_get_value_name_int: value 'NULL' is not a number (C:\Users\SPARTAN PC\Documents\GTA FULL\Server\gamemodes\main.pwn:391)
[02/06/26 18:14:54] [ERROR] cache_get_value_name_int: value 'NULL' is not a number (C:\Users\SPARTAN PC\Documents\GTA FULL\Server\gamemodes\main.pwn:391)
[02/06/26 18:14:54] [ERROR] cache_get_value_name_int: value 'NULL' is not a number (C:\Users\SPARTAN PC\Documents\GTA FULL\Server\gamemodes\main.pwn:391)
[02/06/26 18:14:54] [ERROR] cache_get_value_name_int: value 'NULL' is not a number (C:\Users\SPARTAN PC\Documents\GTA FULL\Server\gamemodes\main.pwn:391)
[02/06/26 18:14:54] [ERROR] cache_get_value_name_int: value 'NULL' is not a number (C:\Users\SPARTAN PC\Documents\GTA FULL\Server\gamemodes\main.pwn:391)
[02/06/26 18:14:54] [ERROR] cache_get_value_name_int: value 'NULL' is not a number (C:\Users\SPARTAN PC\Documents\GTA FULL\Server\gamemodes\main.pwn:391)
[02/06/26 18:15:16] [ERROR] cache_get_value_name_int: value 'NULL' is not a number (C:\Users\SPARTAN PC\Documents\GTA FULL\Server\gamemodes\main.pwn:422)
[02/06/26 18:15:16] [ERROR] cache_get_value_name_int: value 'NULL' is not a number (C:\Users\SPARTAN PC\Documents\GTA FULL\Server\gamemodes\main.pwn:423)
[02/06/26 18:20:20] [ERROR] cache_get_value_name_int: value 'NULL' is not a number (C:\Users\SPARTAN PC\Documents\GTA FULL\Server\gamemodes\main.pwn:424)
[02/06/26 18:20:20] [ERROR] cache_get_value_name_int: value 'NULL' is not a number (C:\Users\SPARTAN PC\Documents\GTA FULL\Server\gamemodes\main.pwn:424)
[02/06/26 18:20:20] [ERROR] cache_get_value_name_int: value 'NULL' is not a number (C:\Users\SPARTAN PC\Documents\GTA FULL\Server\gamemodes\main.pwn:424)
[02/06/26 18:20:20] [ERROR] cache_get_value_name_int: value 'NULL' is not a number (C:\Users\SPARTAN PC\Documents\GTA FULL\Server\gamemodes\main.pwn:424)
[02/06/26 18:20:20] [ERROR] cache_get_value_name_int: value 'NULL' is not a number (C:\Users\SPARTAN PC\Documents\GTA FULL\Server\gamemodes\main.pwn:424)
[02/06/26 18:20:20] [ERROR] cache_get_value_name_int: value 'NULL' is not a number (C:\Users\SPARTAN PC\Documents\GTA FULL\Server\gamemodes\main.pwn:424)
[02/06/26 18:22:21] [ERROR] cache_get_value_name_int: value 'NULL' is not a number (C:\Users\SPARTAN PC\Documents\GTA FULL\Server\gamemodes\main.pwn:424)
[02/06/26 18:22:21] [ERROR] cache_get_value_name_int: value 'NULL' is not a number (C:\Users\SPARTAN PC\Documents\GTA FULL\Server\gamemodes\main.pwn:424)
[02/06/26 18:22:21] [ERROR] cache_get_value_name_int: value 'NULL' is not a number (C:\Users\SPARTAN PC\Documents\GTA FULL\Server\gamemodes\main.pwn:424)
[02/06/26 18:22:21] [ERROR] cache_get_value_name_int: value 'NULL' is not a number (C:\Users\SPARTAN PC\Documents\GTA FULL\Server\gamemodes\main.pwn:424)
[02/06/26 18:22:21] [ERROR] cache_get_value_name_int: value 'NULL' is not a number (C:\Users\SPARTAN PC\Documents\GTA FULL\Server\gamemodes\main.pwn:424)
[02/06/26 18:22:21] [ERROR] cache_get_value_name_int: value 'NULL' is not a number (C:\Users\SPARTAN PC\Documents\GTA FULL\Server\gamemodes\main.pwn:424)
[02/06/26 18:38:42] [ERROR] cache_get_value_name_int: value 'NULL' is not a number (C:\Users\SPARTAN PC\Documents\GTA FULL\Server\gamemodes\main.pwn:485)
[02/06/26 18:38:42] [ERROR] cache_get_value_name_int: value 'NULL' is not a number (C:\Users\SPARTAN PC\Documents\GTA FULL\Server\gamemodes\main.pwn:485)
[02/06/26 18:38:42] [ERROR] cache_get_value_name_int: value 'NULL' is not a number (C:\Users\SPARTAN PC\Documents\GTA FULL\Server\gamemodes\main.pwn:485)
[02/06/26 18:38:42] [ERROR] cache_get_value_name_int: value 'NULL' is not a number (C:\Users\SPARTAN PC\Documents\GTA FULL\Server\gamemodes\main.pwn:485)
[02/06/26 18:38:42] [ERROR] cache_get_value_name_int: value 'NULL' is not a number (C:\Users\SPARTAN PC\Documents\GTA FULL\Server\gamemodes\main.pwn:485)
[02/06/26 18:38:42] [ERROR] cache_get_value_name_int: value 'NULL' is not a number (C:\Users\SPARTAN PC\Documents\GTA FULL\Server\gamemodes\main.pwn:485)
[02/06/26 18:39:04] [ERROR] cache_get_value_name_int: value 'NULL' is not a number (C:\Users\SPARTAN PC\Documents\GTA FULL\Server\gamemodes\main.pwn:516)
[02/06/26 18:39:04] [ERROR] cache_get_value_name_int: value 'NULL' is not a number (C:\Users\SPARTAN PC\Documents\GTA FULL\Server\gamemodes\main.pwn:517)
[02/06/26 18:40:11] [ERROR] cache_get_value_name_int: value 'NULL' is not a number (C:\Users\SPARTAN PC\Documents\GTA FULL\Server\gamemodes\main.pwn:485)
[02/06/26 18:40:11] [ERROR] cache_get_value_name_int: value 'NULL' is not a number (C:\Users\SPARTAN PC\Documents\GTA FULL\Server\gamemodes\main.pwn:485)
[02/06/26 18:40:11] [ERROR] cache_get_value_name_int: value 'NULL' is not a number (C:\Users\SPARTAN PC\Documents\GTA FULL\Server\gamemodes\main.pwn:485)
[02/06/26 18:40:11] [ERROR] cache_get_value_name_int: value 'NULL' is not a number (C:\Users\SPARTAN PC\Documents\GTA FULL\Server\gamemodes\main.pwn:485)
[02/06/26 18:40:11] [ERROR] cache_get_value_name_int: value 'NULL' is not a number (C:\Users\SPARTAN PC\Documents\GTA FULL\Server\gamemodes\main.pwn:485)
[02/06/26 18:40:11] [ERROR] cache_get_value_name_int: value 'NULL' is not a number (C:\Users\SPARTAN PC\Documents\GTA FULL\Server\gamemodes\main.pwn:485)
[02/06/26 18:40:33] [ERROR] cache_get_value_name_int: value 'NULL' is not a number (C:\Users\SPARTAN PC\Documents\GTA FULL\Server\gamemodes\main.pwn:516)
[02/06/26 18:40:33] [ERROR] cache_get_value_name_int: value 'NULL' is not a number (C:\Users\SPARTAN PC\Documents\GTA FULL\Server\gamemodes\main.pwn:517)
[02/06/26 18:49:48] [ERROR] cache_get_value_name_int: value 'NULL' is not a number (C:\Users\SPARTAN PC\Documents\GTA FULL\Server\gamemodes\main.pwn:491)
[02/06/26 18:49:48] [ERROR] cache_get_value_name_int: value 'NULL' is not a number (C:\Users\SPARTAN PC\Documents\GTA FULL\Server\gamemodes\main.pwn:491)
[02/06/26 18:49:48] [ERROR] cache_get_value_name_int: value 'NULL' is not a number (C:\Users\SPARTAN PC\Documents\GTA FULL\Server\gamemodes\main.pwn:491)
[02/06/26 18:49:48] [ERROR] cache_get_value_name_int: value 'NULL' is not a number (C:\Users\SPARTAN PC\Documents\GTA FULL\Server\gamemodes\main.pwn:491)
[02/06/26 18:49:48] [ERROR] cache_get_value_name_int: value 'NULL' is not a number (C:\Users\SPARTAN PC\Documents\GTA FULL\Server\gamemodes\main.pwn:491)
[02/06/26 18:49:48] [ERROR] cache_get_value_name_int: value 'NULL' is not a number (C:\Users\SPARTAN PC\Documents\GTA FULL\Server\gamemodes\main.pwn:491)
[02/06/26 18:50:09] [ERROR] cache_get_value_name_int: value 'NULL' is not a number (C:\Users\SPARTAN PC\Documents\GTA FULL\Server\gamemodes\main.pwn:522)
[02/06/26 18:50:09] [ERROR] cache_get_value_name_int: value 'NULL' is not a number (C:\Users\SPARTAN PC\Documents\GTA FULL\Server\gamemodes\main.pwn:523)
[02/06/26 18:53:11] [ERROR] cache_get_value_name_int: value 'NULL' is not a number (C:\Users\SPARTAN PC\Documents\GTA FULL\Server\gamemodes\main.pwn:503)
[02/06/26 18:53:11] [ERROR] cache_get_value_name_int: value 'NULL' is not a number (C:\Users\SPARTAN PC\Documents\GTA FULL\Server\gamemodes\main.pwn:503)
[02/06/26 18:53:11] [ERROR] cache_get_value_name_int: value 'NULL' is not a number (C:\Users\SPARTAN PC\Documents\GTA FULL\Server\gamemodes\main.pwn:503)
[02/06/26 18:53:11] [ERROR] cache_get_value_name_int: value 'NULL' is not a number (C:\Users\SPARTAN PC\Documents\GTA FULL\Server\gamemodes\main.pwn:503)
[02/06/26 18:53:11] [ERROR] cache_get_value_name_int: value 'NULL' is not a number (C:\Users\SPARTAN PC\Documents\GTA FULL\Server\gamemodes\main.pwn:503)
[02/06/26 18:53:11] [ERROR] cache_get_value_name_int: value 'NULL' is not a number (C:\Users\SPARTAN PC\Documents\GTA FULL\Server\gamemodes\main.pwn:503)
[02/06/26 18:53:30] [ERROR] cache_get_value_name_int: value 'NULL' is not a number (C:\Users\SPARTAN PC\Documents\GTA FULL\Server\gamemodes\main.pwn:503)
[02/06/26 18:53:30] [ERROR] cache_get_value_name_int: value 'NULL' is not a number (C:\Users\SPARTAN PC\Documents\GTA FULL\Server\gamemodes\main.pwn:503)
[02/06/26 18:53:30] [ERROR] cache_get_value_name_int: value 'NULL' is not a number (C:\Users\SPARTAN PC\Documents\GTA FULL\Server\gamemodes\main.pwn:503)
[02/06/26 18:53:30] [ERROR] cache_get_value_name_int: value 'NULL' is not a number (C:\Users\SPARTAN PC\Documents\GTA FULL\Server\gamemodes\main.pwn:503)
[02/06/26 18:53:30] [ERROR] cache_get_value_name_int: value 'NULL' is not a number (C:\Users\SPARTAN PC\Documents\GTA FULL\Server\gamemodes\main.pwn:503)
[02/06/26 18:53:30] [ERROR] cache_get_value_name_int: value 'NULL' is not a number (C:\Users\SPARTAN PC\Documents\GTA FULL\Server\gamemodes\main.pwn:503)
[02/06/26 18:53:49] [ERROR] cache_get_value_name_int: value 'NULL' is not a number (C:\Users\SPARTAN PC\Documents\GTA FULL\Server\gamemodes\main.pwn:534)
[02/06/26 18:53:49] [ERROR] cache_get_value_name_int: value 'NULL' is not a number (C:\Users\SPARTAN PC\Documents\GTA FULL\Server\gamemodes\main.pwn:535)
[02/06/26 22:02:51] [ERROR] cache_get_value_name_int: value 'NULL' is not a number (C:\Users\SPARTAN PC\Documents\GTA FULL\Server\gamemodes\main.pwn:505)
[02/06/26 22:02:51] [ERROR] cache_get_value_name_int: value 'NULL' is not a number (C:\Users\SPARTAN PC\Documents\GTA FULL\Server\gamemodes\main.pwn:505)
[02/06/26 22:02:51] [ERROR] cache_get_value_name_int: value 'NULL' is not a number (C:\Users\SPARTAN PC\Documents\GTA FULL\Server\gamemodes\main.pwn:505)
[02/06/26 22:02:51] [ERROR] cache_get_value_name_int: value 'NULL' is not a number (C:\Users\SPARTAN PC\Documents\GTA FULL\Server\gamemodes\main.pwn:505)
[02/06/26 22:02:51] [ERROR] cache_get_value_name_int: value 'NULL' is not a number (C:\Users\SPARTAN PC\Documents\GTA FULL\Server\gamemodes\main.pwn:505)
[02/06/26 22:02:51] [ERROR] cache_get_value_name_int: value 'NULL' is not a number (C:\Users\SPARTAN PC\Documents\GTA FULL\Server\gamemodes\main.pwn:505)
[02/06/26 22:03:15] [ERROR] cache_get_value_name_int: value 'NULL' is not a number (C:\Users\SPARTAN PC\Documents\GTA FULL\Server\gamemodes\main.pwn:536)
[02/06/26 22:03:15] [ERROR] cache_get_value_name_int: value 'NULL' is not a number (C:\Users\SPARTAN PC\Documents\GTA FULL\Server\gamemodes\main.pwn:537)
[02/06/26 22:14:21] [ERROR] cache_get_value_name_int: value 'NULL' is not a number (C:\Users\SPARTAN PC\Documents\GTA FULL\Server\gamemodes\main.pwn:505)
[02/06/26 22:14:21] [ERROR] cache_get_value_name_int: value 'NULL' is not a number (C:\Users\SPARTAN PC\Documents\GTA FULL\Server\gamemodes\main.pwn:505)
[02/06/26 22:14:21] [ERROR] cache_get_value_name_int: value 'NULL' is not a number (C:\Users\SPARTAN PC\Documents\GTA FULL\Server\gamemodes\main.pwn:505)
[02/06/26 22:14:21] [ERROR] cache_get_value_name_int: value 'NULL' is not a number (C:\Users\SPARTAN PC\Documents\GTA FULL\Server\gamemodes\main.pwn:505)
[02/06/26 22:14:21] [ERROR] cache_get_value_name_int: value 'NULL' is not a number (C:\Users\SPARTAN PC\Documents\GTA FULL\Server\gamemodes\main.pwn:505)
[02/06/26 22:14:21] [ERROR] cache_get_value_name_int: value 'NULL' is not a number (C:\Users\SPARTAN PC\Documents\GTA FULL\Server\gamemodes\main.pwn:505)
[02/06/26 22:14:42] [ERROR] cache_get_value_name_int: value 'NULL' is not a number (C:\Users\SPARTAN PC\Documents\GTA FULL\Server\gamemodes\main.pwn:536)
[02/06/26 22:14:42] [ERROR] cache_get_value_name_int: value 'NULL' is not a number (C:\Users\SPARTAN PC\Documents\GTA FULL\Server\gamemodes\main.pwn:537)
[02/06/26 22:22:45] [ERROR] cache_get_value_name_int: value 'NULL' is not a number (C:\Users\SPARTAN PC\Documents\GTA FULL\Server\gamemodes\main.pwn:519)
[02/06/26 22:22:45] [ERROR] cache_get_value_name_int: value 'NULL' is not a number (C:\Users\SPARTAN PC\Documents\GTA FULL\Server\gamemodes\main.pwn:519)
[02/06/26 22:22:45] [ERROR] cache_get_value_name_int: value 'NULL' is not a number (C:\Users\SPARTAN PC\Documents\GTA FULL\Server\gamemodes\main.pwn:519)
[02/06/26 22:22:45] [ERROR] cache_get_value_name_int: value 'NULL' is not a number (C:\Users\SPARTAN PC\Documents\GTA FULL\Server\gamemodes\main.pwn:519)
[02/06/26 22:22:45] [ERROR] cache_get_value_name_int: value 'NULL' is not a number (C:\Users\SPARTAN PC\Documents\GTA FULL\Server\gamemodes\main.pwn:519)
[02/06/26 22:22:45] [ERROR] cache_get_value_name_int: value 'NULL' is not a number (C:\Users\SPARTAN PC\Documents\GTA FULL\Server\gamemodes\main.pwn:519)
[02/06/26 22:23:13] [ERROR] cache_get_value_name_int: value 'NULL' is not a number (C:\Users\SPARTAN PC\Documents\GTA FULL\Server\gamemodes\main.pwn:550)
[02/06/26 22:23:13] [ERROR] cache_get_value_name_int: value 'NULL' is not a number (C:\Users\SPARTAN PC\Documents\GTA FULL\Server\gamemodes\main.pwn:551)
[02/06/26 22:34:08] [ERROR] cache_get_value_name_int: value 'NULL' is not a number (C:\Users\SPARTAN PC\Documents\GTA FULL\Server\gamemodes\main.pwn:543)
[02/06/26 22:34:08] [ERROR] cache_get_value_name_int: value 'NULL' is not a number (C:\Users\SPARTAN PC\Documents\GTA FULL\Server\gamemodes\main.pwn:543)
[02/06/26 22:34:08] [ERROR] cache_get_value_name_int: value 'NULL' is not a number (C:\Users\SPARTAN PC\Documents\GTA FULL\Server\gamemodes\main.pwn:543)
[02/06/26 22:34:08] [ERROR] cache_get_value_name_int: value 'NULL' is not a number (C:\Users\SPARTAN PC\Documents\GTA FULL\Server\gamemodes\main.pwn:543)
[02/06/26 22:34:08] [ERROR] cache_get_value_name_int: value 'NULL' is not a number (C:\Users\SPARTAN PC\Documents\GTA FULL\Server\gamemodes\main.pwn:543)
[02/06/26 22:34:08] [ERROR] cache_get_value_name_int: value 'NULL' is not a number (C:\Users\SPARTAN PC\Documents\GTA FULL\Server\gamemodes\main.pwn:543)
[02/06/26 22:34:30] [ERROR] cache_get_value_name_int: value 'NULL' is not a number (C:\Users\SPARTAN PC\Documents\GTA FULL\Server\gamemodes\main.pwn:574)
[02/06/26 22:34:30] [ERROR] cache_get_value_name_int: value 'NULL' is not a number (C:\Users\SPARTAN PC\Documents\GTA FULL\Server\gamemodes\main.pwn:575)
[02/06/26 22:38:11] [ERROR] cache_get_value_name_int: value 'NULL' is not a number (C:\Users\SPARTAN PC\Documents\GTA FULL\Server\gamemodes\main.pwn:553)
[02/06/26 22:38:11] [ERROR] cache_get_value_name_int: value 'NULL' is not a number (C:\Users\SPARTAN PC\Documents\GTA FULL\Server\gamemodes\main.pwn:553)
[02/06/26 22:38:11] [ERROR] cache_get_value_name_int: value 'NULL' is not a number (C:\Users\SPARTAN PC\Documents\GTA FULL\Server\gamemodes\main.pwn:553)
[02/06/26 22:38:11] [ERROR] cache_get_value_name_int: value 'NULL' is not a number (C:\Users\SPARTAN PC\Documents\GTA FULL\Server\gamemodes\main.pwn:553)
[02/06/26 22:38:11] [ERROR] cache_get_value_name_int: value 'NULL' is not a number (C:\Users\SPARTAN PC\Documents\GTA FULL\Server\gamemodes\main.pwn:553)
[02/06/26 22:38:11] [ERROR] cache_get_value_name_int: value 'NULL' is not a number (C:\Users\SPARTAN PC\Documents\GTA FULL\Server\gamemodes\main.pwn:553)
[02/06/26 22:38:33] [ERROR] cache_get_value_name_int: value 'NULL' is not a number (C:\Users\SPARTAN PC\Documents\GTA FULL\Server\gamemodes\main.pwn:584)
[02/06/26 22:38:33] [ERROR] cache_get_value_name_int: value 'NULL' is not a number (C:\Users\SPARTAN PC\Documents\GTA FULL\Server\gamemodes\main.pwn:585)
[02/06/26 22:39:51] [ERROR] cache_get_value_name_int: value 'NULL' is not a number (C:\Users\SPARTAN PC\Documents\GTA FULL\Server\gamemodes\main.pwn:553)
[02/06/26 22:39:51] [ERROR] cache_get_value_name_int: value 'NULL' is not a number (C:\Users\SPARTAN PC\Documents\GTA FULL\Server\gamemodes\main.pwn:553)
[02/06/26 22:39:51] [ERROR] cache_get_value_name_int: value 'NULL' is not a number (C:\Users\SPARTAN PC\Documents\GTA FULL\Server\gamemodes\main.pwn:553)
[02/06/26 22:39:51] [ERROR] cache_get_value_name_int: value 'NULL' is not a number (C:\Users\SPARTAN PC\Documents\GTA FULL\Server\gamemodes\main.pwn:553)
[02/06/26 22:39:51] [ERROR] cache_get_value_name_int: value 'NULL' is not a number (C:\Users\SPARTAN PC\Documents\GTA FULL\Server\gamemodes\main.pwn:553)
[02/06/26 22:39:51] [ERROR] cache_get_value_name_int: value 'NULL' is not a number (C:\Users\SPARTAN PC\Documents\GTA FULL\Server\gamemodes\main.pwn:553)
[02/06/26 22:40:18] [ERROR] cache_get_value_name_int: value 'NULL' is not a number (C:\Users\SPARTAN PC\Documents\GTA FULL\Server\gamemodes\main.pwn:584)
[02/06/26 22:40:18] [ERROR] cache_get_value_name_int: value 'NULL' is not a number (C:\Users\SPARTAN PC\Documents\GTA FULL\Server\gamemodes\main.pwn:585)
[02/06/26 22:41:30] [ERROR] cache_get_value_name_int: value 'NULL' is not a number (C:\Users\SPARTAN PC\Documents\GTA FULL\Server\gamemodes\main.pwn:553)
[02/06/26 22:41:30] [ERROR] cache_get_value_name_int: value 'NULL' is not a number (C:\Users\SPARTAN PC\Documents\GTA FULL\Server\gamemodes\main.pwn:553)
[02/06/26 22:41:30] [ERROR] cache_get_value_name_int: value 'NULL' is not a number (C:\Users\SPARTAN PC\Documents\GTA FULL\Server\gamemodes\main.pwn:553)
[02/06/26 22:41:30] [ERROR] cache_get_value_name_int: value 'NULL' is not a number (C:\Users\SPARTAN PC\Documents\GTA FULL\Server\gamemodes\main.pwn:553)
[02/06/26 22:41:30] [ERROR] cache_get_value_name_int: value 'NULL' is not a number (C:\Users\SPARTAN PC\Documents\GTA FULL\Server\gamemodes\main.pwn:553)
[02/06/26 22:41:30] [ERROR] cache_get_value_name_int: value 'NULL' is not a number (C:\Users\SPARTAN PC\Documents\GTA FULL\Server\gamemodes\main.pwn:553)
[02/06/26 22:46:44] [ERROR] cache_get_value_name_int: value 'NULL' is not a number (C:\Users\SPARTAN PC\Documents\GTA FULL\Server\gamemodes\main.pwn:553)
[02/06/26 22:46:44] [ERROR] cache_get_value_name_int: value 'NULL' is not a number (C:\Users\SPARTAN PC\Documents\GTA FULL\Server\gamemodes\main.pwn:553)
[02/06/26 22:46:44] [ERROR] cache_get_value_name_int: value 'NULL' is not a number (C:\Users\SPARTAN PC\Documents\GTA FULL\Server\gamemodes\main.pwn:553)
[02/06/26 22:46:44] [ERROR] cache_get_value_name_int: value 'NULL' is not a number (C:\Users\SPARTAN PC\Documents\GTA FULL\Server\gamemodes\main.pwn:553)
[02/06/26 22:46:44] [ERROR] cache_get_value_name_int: value 'NULL' is not a number (C:\Users\SPARTAN PC\Documents\GTA FULL\Server\gamemodes\main.pwn:553)
[02/06/26 22:46:44] [ERROR] cache_get_value_name_int: value 'NULL' is not a number (C:\Users\SPARTAN PC\Documents\GTA FULL\Server\gamemodes\main.pwn:553)
[02/06/26 22:47:05] [ERROR] cache_get_value_name_int: value 'NULL' is not a number (C:\Users\SPARTAN PC\Documents\GTA FULL\Server\gamemodes\main.pwn:584)
[02/06/26 22:47:05] [ERROR] cache_get_value_name_int: value 'NULL' is not a number (C:\Users\SPARTAN PC\Documents\GTA FULL\Server\gamemodes\main.pwn:585)
[02/06/26 22:49:08] [ERROR] cache_get_value_name_int: value 'NULL' is not a number (C:\Users\SPARTAN PC\Documents\GTA FULL\Server\gamemodes\main.pwn:553)
[02/06/26 22:49:08] [ERROR] cache_get_value_name_int: value 'NULL' is not a number (C:\Users\SPARTAN PC\Documents\GTA FULL\Server\gamemodes\main.pwn:553)
[02/06/26 22:49:08] [ERROR] cache_get_value_name_int: value 'NULL' is not a number (C:\Users\SPARTAN PC\Documents\GTA FULL\Server\gamemodes\main.pwn:553)
[02/06/26 22:49:08] [ERROR] cache_get_value_name_int: value 'NULL' is not a number (C:\Users\SPARTAN PC\Documents\GTA FULL\Server\gamemodes\main.pwn:553)
[02/06/26 22:49:08] [ERROR] cache_get_value_name_int: value 'NULL' is not a number (C:\Users\SPARTAN PC\Documents\GTA FULL\Server\gamemodes\main.pwn:553)
[02/06/26 22:49:08] [ERROR] cache_get_value_name_int: value 'NULL' is not a number (C:\Users\SPARTAN PC\Documents\GTA FULL\Server\gamemodes\main.pwn:553)
[02/06/26 22:49:29] [ERROR] cache_get_value_name_int: value 'NULL' is not a number (C:\Users\SPARTAN PC\Documents\GTA FULL\Server\gamemodes\main.pwn:584)
[02/06/26 22:49:29] [ERROR] cache_get_value_name_int: value 'NULL' is not a number (C:\Users\SPARTAN PC\Documents\GTA FULL\Server\gamemodes\main.pwn:585)
[02/06/26 22:52:56] [ERROR] cache_get_value_name_int: value 'NULL' is not a number (C:\Users\SPARTAN PC\Documents\GTA FULL\Server\gamemodes\main.pwn:553)
[02/06/26 22:52:56] [ERROR] cache_get_value_name_int: value 'NULL' is not a number (C:\Users\SPARTAN PC\Documents\GTA FULL\Server\gamemodes\main.pwn:553)
[02/06/26 22:52:56] [ERROR] cache_get_value_name_int: value 'NULL' is not a number (C:\Users\SPARTAN PC\Documents\GTA FULL\Server\gamemodes\main.pwn:553)
[02/06/26 22:52:56] [ERROR] cache_get_value_name_int: value 'NULL' is not a number (C:\Users\SPARTAN PC\Documents\GTA FULL\Server\gamemodes\main.pwn:553)
[02/06/26 22:52:56] [ERROR] cache_get_value_name_int: value 'NULL' is not a number (C:\Users\SPARTAN PC\Documents\GTA FULL\Server\gamemodes\main.pwn:553)
[02/06/26 22:52:56] [ERROR] cache_get_value_name_int: value 'NULL' is not a number (C:\Users\SPARTAN PC\Documents\GTA FULL\Server\gamemodes\main.pwn:553)
[02/06/26 22:53:19] [ERROR] cache_get_value_name_int: value 'NULL' is not a number (C:\Users\SPARTAN PC\Documents\GTA FULL\Server\gamemodes\main.pwn:584)
[02/06/26 22:53:19] [ERROR] cache_get_value_name_int: value 'NULL' is not a number (C:\Users\SPARTAN PC\Documents\GTA FULL\Server\gamemodes\main.pwn:585)
